<?xml version="1.0" encoding="UTF-8"?>
<robot generator="Robot 3.1.1 (Python 3.7.2 on win32)" generated="20190411 14:48:46.098" rpa="false">
<suite id="s1" name="ZOOPLA.CO.UK1" source="C:\Users\Dusa\git\ZOOPLA.CO.UK_ROBOT-FRAMEWORK\ZOOPLA.CO.UK1">
<suite id="s1-s1" name="Tests" source="C:\Users\Dusa\git\ZOOPLA.CO.UK_ROBOT-FRAMEWORK\ZOOPLA.CO.UK1\Tests">
<suite id="s1-s1-s1" name="LoginPage" source="C:\Users\Dusa\git\ZOOPLA.CO.UK_ROBOT-FRAMEWORK\ZOOPLA.CO.UK1\Tests\LoginPage.robot">
<kw name="Browser Launch" library="HomePage" type="setup">
<doc>This is Opening URL in Browser</doc>
<kw name="Open Browser" library="SeleniumLibrary">
<doc>Opens a new browser instance to the given ``url``.</doc>
<arguments>
<arg>${URL}</arg>
<arg>${BROWSER}</arg>
</arguments>
<msg timestamp="20190411 14:48:46.411" level="INFO">Opening browser 'gc' to base url 'https://www.zoopla.co.uk/'.</msg>
<status status="PASS" starttime="20190411 14:48:46.411" endtime="20190411 14:48:53.378"></status>
</kw>
<kw name="Maximize Browser Window" library="SeleniumLibrary">
<doc>Maximizes current browser window.</doc>
<status status="PASS" starttime="20190411 14:48:53.382" endtime="20190411 14:48:54.865"></status>
</kw>
<status status="PASS" starttime="20190411 14:48:46.411" endtime="20190411 14:48:54.865"></status>
</kw>
<test id="s1-s1-s1-t1" name="TEST CASE 1 LOGIN">
<kw name="Entering Search Location" library="HomePage">
<doc>Location Name is Entering in the Search Box</doc>
<kw name="Input Text" library="SeleniumLibrary">
<doc>Types the given ``text`` into text field identified by ``locator``.</doc>
<arguments>
<arg>${Location_Textbox_Id}</arg>
<arg>${LOCATION}</arg>
</arguments>
<msg timestamp="20190411 14:48:54.874" level="INFO">Typing text 'london' into text field 'id:search-input-location'.</msg>
<status status="PASS" starttime="20190411 14:48:54.873" endtime="20190411 14:48:55.078"></status>
</kw>
<status status="PASS" starttime="20190411 14:48:54.869" endtime="20190411 14:48:55.078"></status>
</kw>
<kw name="Clicking On Search Button" library="HomePage">
<doc>Click on the Search Button</doc>
<kw name="Click Button" library="SeleniumLibrary">
<doc>Clicks button identified by ``locator``.</doc>
<arguments>
<arg>${Search_Button_Id}</arg>
</arguments>
<msg timestamp="20190411 14:48:55.078" level="INFO">Clicking button 'id:search-submit'.</msg>
<status status="PASS" starttime="20190411 14:48:55.078" endtime="20190411 14:49:01.779"></status>
</kw>
<status status="PASS" starttime="20190411 14:48:55.078" endtime="20190411 14:49:01.779"></status>
</kw>
<kw name="Retrive Property Count" library="HomePage">
<doc>Getting the No.Of Proprties Displayed on the Page</doc>
<kw name="Get Element Count" library="SeleniumLibrary">
<doc>Returns number of elements matching ``locator``.</doc>
<arguments>
<arg>${Retrive_Data_Xpath}</arg>
</arguments>
<assign>
<var>${Property_Count}</var>
</assign>
<msg timestamp="20190411 14:49:01.807" level="INFO">${Property_Count} = 25</msg>
<status status="PASS" starttime="20190411 14:49:01.783" endtime="20190411 14:49:01.807"></status>
</kw>
<kw name="Log To Console" library="BuiltIn">
<doc>Logs the given message to the console.</doc>
<arguments>
<arg>*****</arg>
</arguments>
<status status="PASS" starttime="20190411 14:49:01.807" endtime="20190411 14:49:01.811"></status>
</kw>
<kw name="Log To Console" library="BuiltIn">
<doc>Logs the given message to the console.</doc>
<arguments>
<arg>No.Of Properties are Displayed on the Page is : ${Property_Count}</arg>
</arguments>
<status status="PASS" starttime="20190411 14:49:01.812" endtime="20190411 14:49:01.813"></status>
</kw>
<status status="PASS" starttime="20190411 14:49:01.783" endtime="20190411 14:49:01.813"></status>
</kw>
<kw name="Storing Properties in List" library="HomePage">
<doc>Storing the Property Values in List</doc>
<kw name="Get Element Count" library="SeleniumLibrary">
<doc>Returns number of elements matching ``locator``.</doc>
<arguments>
<arg>${Retrive_Data_Xpath}</arg>
</arguments>
<assign>
<var>${Prop_Count}</var>
</assign>
<msg timestamp="20190411 14:49:01.829" level="INFO">${Prop_Count} = 25</msg>
<status status="PASS" starttime="20190411 14:49:01.813" endtime="20190411 14:49:01.829"></status>
</kw>
<kw name="Create List" library="BuiltIn">
<doc>Returns a list containing given items.</doc>
<assign>
<var>@{MyList}</var>
</assign>
<msg timestamp="20190411 14:49:01.829" level="INFO">@{MyList} = [ ]</msg>
<status status="PASS" starttime="20190411 14:49:01.829" endtime="20190411 14:49:01.829"></status>
</kw>
<kw name="${i} IN RANGE [ 1 | ${Prop_Count}+1 ]" type="for">
<kw name="${i} = 1" type="foritem">
<kw name="Get Text" library="SeleniumLibrary">
<doc>Returns the text value of element identified by ``locator``.</doc>
<arguments>
<arg>xpath:(//li[@id]//a[@class="listing-results-price text-price"])[${i}]</arg>
</arguments>
<assign>
<var>${List1}</var>
</assign>
<msg timestamp="20190411 14:49:01.869" level="INFO">${List1} = £535,000</msg>
<status status="PASS" starttime="20190411 14:49:01.829" endtime="20190411 14:49:01.869"></status>
</kw>
<kw name="Append To List" library="Collections">
<doc>Adds ``values`` to the end of ``list``.</doc>
<arguments>
<arg>${MyList}</arg>
<arg>${List1}</arg>
</arguments>
<status status="PASS" starttime="20190411 14:49:01.869" endtime="20190411 14:49:01.869"></status>
</kw>
<status status="PASS" starttime="20190411 14:49:01.829" endtime="20190411 14:49:01.869"></status>
</kw>
<kw name="${i} = 2" type="foritem">
<kw name="Get Text" library="SeleniumLibrary">
<doc>Returns the text value of element identified by ``locator``.</doc>
<arguments>
<arg>xpath:(//li[@id]//a[@class="listing-results-price text-price"])[${i}]</arg>
</arguments>
<assign>
<var>${List1}</var>
</assign>
<msg timestamp="20190411 14:49:01.917" level="INFO">${List1} = £865,000</msg>
<status status="PASS" starttime="20190411 14:49:01.873" endtime="20190411 14:49:01.917"></status>
</kw>
<kw name="Append To List" library="Collections">
<doc>Adds ``values`` to the end of ``list``.</doc>
<arguments>
<arg>${MyList}</arg>
<arg>${List1}</arg>
</arguments>
<status status="PASS" starttime="20190411 14:49:01.921" endtime="20190411 14:49:01.921"></status>
</kw>
<status status="PASS" starttime="20190411 14:49:01.869" endtime="20190411 14:49:01.921"></status>
</kw>
<kw name="${i} = 3" type="foritem">
<kw name="Get Text" library="SeleniumLibrary">
<doc>Returns the text value of element identified by ``locator``.</doc>
<arguments>
<arg>xpath:(//li[@id]//a[@class="listing-results-price text-price"])[${i}]</arg>
</arguments>
<assign>
<var>${List1}</var>
</assign>
<msg timestamp="20190411 14:49:01.969" level="INFO">${List1} = £260,000</msg>
<status status="PASS" starttime="20190411 14:49:01.921" endtime="20190411 14:49:01.969"></status>
</kw>
<kw name="Append To List" library="Collections">
<doc>Adds ``values`` to the end of ``list``.</doc>
<arguments>
<arg>${MyList}</arg>
<arg>${List1}</arg>
</arguments>
<status status="PASS" starttime="20190411 14:49:01.969" endtime="20190411 14:49:01.969"></status>
</kw>
<status status="PASS" starttime="20190411 14:49:01.921" endtime="20190411 14:49:01.969"></status>
</kw>
<kw name="${i} = 4" type="foritem">
<kw name="Get Text" library="SeleniumLibrary">
<doc>Returns the text value of element identified by ``locator``.</doc>
<arguments>
<arg>xpath:(//li[@id]//a[@class="listing-results-price text-price"])[${i}]</arg>
</arguments>
<assign>
<var>${List1}</var>
</assign>
<msg timestamp="20190411 14:49:02.017" level="INFO">${List1} = £495,000</msg>
<status status="PASS" starttime="20190411 14:49:01.973" endtime="20190411 14:49:02.017"></status>
</kw>
<kw name="Append To List" library="Collections">
<doc>Adds ``values`` to the end of ``list``.</doc>
<arguments>
<arg>${MyList}</arg>
<arg>${List1}</arg>
</arguments>
<status status="PASS" starttime="20190411 14:49:02.017" endtime="20190411 14:49:02.017"></status>
</kw>
<status status="PASS" starttime="20190411 14:49:01.969" endtime="20190411 14:49:02.017"></status>
</kw>
<kw name="${i} = 5" type="foritem">
<kw name="Get Text" library="SeleniumLibrary">
<doc>Returns the text value of element identified by ``locator``.</doc>
<arguments>
<arg>xpath:(//li[@id]//a[@class="listing-results-price text-price"])[${i}]</arg>
</arguments>
<assign>
<var>${List1}</var>
</assign>
<msg timestamp="20190411 14:49:02.065" level="INFO">${List1} = £435,000</msg>
<status status="PASS" starttime="20190411 14:49:02.021" endtime="20190411 14:49:02.065"></status>
</kw>
<kw name="Append To List" library="Collections">
<doc>Adds ``values`` to the end of ``list``.</doc>
<arguments>
<arg>${MyList}</arg>
<arg>${List1}</arg>
</arguments>
<status status="PASS" starttime="20190411 14:49:02.065" endtime="20190411 14:49:02.065"></status>
</kw>
<status status="PASS" starttime="20190411 14:49:02.021" endtime="20190411 14:49:02.065"></status>
</kw>
<kw name="${i} = 6" type="foritem">
<kw name="Get Text" library="SeleniumLibrary">
<doc>Returns the text value of element identified by ``locator``.</doc>
<arguments>
<arg>xpath:(//li[@id]//a[@class="listing-results-price text-price"])[${i}]</arg>
</arguments>
<assign>
<var>${List1}</var>
</assign>
<msg timestamp="20190411 14:49:02.105" level="INFO">${List1} = £550,000</msg>
<status status="PASS" starttime="20190411 14:49:02.065" endtime="20190411 14:49:02.105"></status>
</kw>
<kw name="Append To List" library="Collections">
<doc>Adds ``values`` to the end of ``list``.</doc>
<arguments>
<arg>${MyList}</arg>
<arg>${List1}</arg>
</arguments>
<status status="PASS" starttime="20190411 14:49:02.105" endtime="20190411 14:49:02.105"></status>
</kw>
<status status="PASS" starttime="20190411 14:49:02.065" endtime="20190411 14:49:02.105"></status>
</kw>
<kw name="${i} = 7" type="foritem">
<kw name="Get Text" library="SeleniumLibrary">
<doc>Returns the text value of element identified by ``locator``.</doc>
<arguments>
<arg>xpath:(//li[@id]//a[@class="listing-results-price text-price"])[${i}]</arg>
</arguments>
<assign>
<var>${List1}</var>
</assign>
<msg timestamp="20190411 14:49:02.149" level="INFO">${List1} = £3,350,000</msg>
<status status="PASS" starttime="20190411 14:49:02.109" endtime="20190411 14:49:02.149"></status>
</kw>
<kw name="Append To List" library="Collections">
<doc>Adds ``values`` to the end of ``list``.</doc>
<arguments>
<arg>${MyList}</arg>
<arg>${List1}</arg>
</arguments>
<status status="PASS" starttime="20190411 14:49:02.149" endtime="20190411 14:49:02.149"></status>
</kw>
<status status="PASS" starttime="20190411 14:49:02.105" endtime="20190411 14:49:02.149"></status>
</kw>
<kw name="${i} = 8" type="foritem">
<kw name="Get Text" library="SeleniumLibrary">
<doc>Returns the text value of element identified by ``locator``.</doc>
<arguments>
<arg>xpath:(//li[@id]//a[@class="listing-results-price text-price"])[${i}]</arg>
</arguments>
<assign>
<var>${List1}</var>
</assign>
<msg timestamp="20190411 14:49:02.193" level="INFO">${List1} = £359,950</msg>
<status status="PASS" starttime="20190411 14:49:02.153" endtime="20190411 14:49:02.193"></status>
</kw>
<kw name="Append To List" library="Collections">
<doc>Adds ``values`` to the end of ``list``.</doc>
<arguments>
<arg>${MyList}</arg>
<arg>${List1}</arg>
</arguments>
<status status="PASS" starttime="20190411 14:49:02.193" endtime="20190411 14:49:02.193"></status>
</kw>
<status status="PASS" starttime="20190411 14:49:02.149" endtime="20190411 14:49:02.193"></status>
</kw>
<kw name="${i} = 9" type="foritem">
<kw name="Get Text" library="SeleniumLibrary">
<doc>Returns the text value of element identified by ``locator``.</doc>
<arguments>
<arg>xpath:(//li[@id]//a[@class="listing-results-price text-price"])[${i}]</arg>
</arguments>
<assign>
<var>${List1}</var>
</assign>
<msg timestamp="20190411 14:49:02.237" level="INFO">${List1} = £360,000 Offers over</msg>
<status status="PASS" starttime="20190411 14:49:02.193" endtime="20190411 14:49:02.237"></status>
</kw>
<kw name="Append To List" library="Collections">
<doc>Adds ``values`` to the end of ``list``.</doc>
<arguments>
<arg>${MyList}</arg>
<arg>${List1}</arg>
</arguments>
<status status="PASS" starttime="20190411 14:49:02.241" endtime="20190411 14:49:02.241"></status>
</kw>
<status status="PASS" starttime="20190411 14:49:02.193" endtime="20190411 14:49:02.241"></status>
</kw>
<kw name="${i} = 10" type="foritem">
<kw name="Get Text" library="SeleniumLibrary">
<doc>Returns the text value of element identified by ``locator``.</doc>
<arguments>
<arg>xpath:(//li[@id]//a[@class="listing-results-price text-price"])[${i}]</arg>
</arguments>
<assign>
<var>${List1}</var>
</assign>
<msg timestamp="20190411 14:49:02.285" level="INFO">${List1} = £550,000</msg>
<status status="PASS" starttime="20190411 14:49:02.241" endtime="20190411 14:49:02.285"></status>
</kw>
<kw name="Append To List" library="Collections">
<doc>Adds ``values`` to the end of ``list``.</doc>
<arguments>
<arg>${MyList}</arg>
<arg>${List1}</arg>
</arguments>
<status status="PASS" starttime="20190411 14:49:02.289" endtime="20190411 14:49:02.289"></status>
</kw>
<status status="PASS" starttime="20190411 14:49:02.241" endtime="20190411 14:49:02.289"></status>
</kw>
<kw name="${i} = 11" type="foritem">
<kw name="Get Text" library="SeleniumLibrary">
<doc>Returns the text value of element identified by ``locator``.</doc>
<arguments>
<arg>xpath:(//li[@id]//a[@class="listing-results-price text-price"])[${i}]</arg>
</arguments>
<assign>
<var>${List1}</var>
</assign>
<msg timestamp="20190411 14:49:02.329" level="INFO">${List1} = £385,000 Offers over</msg>
<status status="PASS" starttime="20190411 14:49:02.289" endtime="20190411 14:49:02.329"></status>
</kw>
<kw name="Append To List" library="Collections">
<doc>Adds ``values`` to the end of ``list``.</doc>
<arguments>
<arg>${MyList}</arg>
<arg>${List1}</arg>
</arguments>
<status status="PASS" starttime="20190411 14:49:02.329" endtime="20190411 14:49:02.329"></status>
</kw>
<status status="PASS" starttime="20190411 14:49:02.289" endtime="20190411 14:49:02.329"></status>
</kw>
<kw name="${i} = 12" type="foritem">
<kw name="Get Text" library="SeleniumLibrary">
<doc>Returns the text value of element identified by ``locator``.</doc>
<arguments>
<arg>xpath:(//li[@id]//a[@class="listing-results-price text-price"])[${i}]</arg>
</arguments>
<assign>
<var>${List1}</var>
</assign>
<msg timestamp="20190411 14:49:02.381" level="INFO">${List1} = £400,000 Guide price</msg>
<status status="PASS" starttime="20190411 14:49:02.329" endtime="20190411 14:49:02.385"></status>
</kw>
<kw name="Append To List" library="Collections">
<doc>Adds ``values`` to the end of ``list``.</doc>
<arguments>
<arg>${MyList}</arg>
<arg>${List1}</arg>
</arguments>
<status status="PASS" starttime="20190411 14:49:02.385" endtime="20190411 14:49:02.385"></status>
</kw>
<status status="PASS" starttime="20190411 14:49:02.329" endtime="20190411 14:49:02.385"></status>
</kw>
<kw name="${i} = 13" type="foritem">
<kw name="Get Text" library="SeleniumLibrary">
<doc>Returns the text value of element identified by ``locator``.</doc>
<arguments>
<arg>xpath:(//li[@id]//a[@class="listing-results-price text-price"])[${i}]</arg>
</arguments>
<assign>
<var>${List1}</var>
</assign>
<msg timestamp="20190411 14:49:02.425" level="INFO">${List1} = £475,000 Guide price</msg>
<status status="PASS" starttime="20190411 14:49:02.389" endtime="20190411 14:49:02.425"></status>
</kw>
<kw name="Append To List" library="Collections">
<doc>Adds ``values`` to the end of ``list``.</doc>
<arguments>
<arg>${MyList}</arg>
<arg>${List1}</arg>
</arguments>
<status status="PASS" starttime="20190411 14:49:02.425" endtime="20190411 14:49:02.429"></status>
</kw>
<status status="PASS" starttime="20190411 14:49:02.385" endtime="20190411 14:49:02.429"></status>
</kw>
<kw name="${i} = 14" type="foritem">
<kw name="Get Text" library="SeleniumLibrary">
<doc>Returns the text value of element identified by ``locator``.</doc>
<arguments>
<arg>xpath:(//li[@id]//a[@class="listing-results-price text-price"])[${i}]</arg>
</arguments>
<assign>
<var>${List1}</var>
</assign>
<msg timestamp="20190411 14:49:02.469" level="INFO">${List1} = £300,000 Guide price</msg>
<status status="PASS" starttime="20190411 14:49:02.429" endtime="20190411 14:49:02.469"></status>
</kw>
<kw name="Append To List" library="Collections">
<doc>Adds ``values`` to the end of ``list``.</doc>
<arguments>
<arg>${MyList}</arg>
<arg>${List1}</arg>
</arguments>
<status status="PASS" starttime="20190411 14:49:02.473" endtime="20190411 14:49:02.473"></status>
</kw>
<status status="PASS" starttime="20190411 14:49:02.429" endtime="20190411 14:49:02.473"></status>
</kw>
<kw name="${i} = 15" type="foritem">
<kw name="Get Text" library="SeleniumLibrary">
<doc>Returns the text value of element identified by ``locator``.</doc>
<arguments>
<arg>xpath:(//li[@id]//a[@class="listing-results-price text-price"])[${i}]</arg>
</arguments>
<assign>
<var>${List1}</var>
</assign>
<msg timestamp="20190411 14:49:02.512" level="INFO">${List1} = £325,000 Offers over</msg>
<status status="PASS" starttime="20190411 14:49:02.473" endtime="20190411 14:49:02.512"></status>
</kw>
<kw name="Append To List" library="Collections">
<doc>Adds ``values`` to the end of ``list``.</doc>
<arguments>
<arg>${MyList}</arg>
<arg>${List1}</arg>
</arguments>
<status status="PASS" starttime="20190411 14:49:02.512" endtime="20190411 14:49:02.512"></status>
</kw>
<status status="PASS" starttime="20190411 14:49:02.473" endtime="20190411 14:49:02.512"></status>
</kw>
<kw name="${i} = 16" type="foritem">
<kw name="Get Text" library="SeleniumLibrary">
<doc>Returns the text value of element identified by ``locator``.</doc>
<arguments>
<arg>xpath:(//li[@id]//a[@class="listing-results-price text-price"])[${i}]</arg>
</arguments>
<assign>
<var>${List1}</var>
</assign>
<msg timestamp="20190411 14:49:02.552" level="INFO">${List1} = £340,000 Guide price</msg>
<status status="PASS" starttime="20190411 14:49:02.516" endtime="20190411 14:49:02.552"></status>
</kw>
<kw name="Append To List" library="Collections">
<doc>Adds ``values`` to the end of ``list``.</doc>
<arguments>
<arg>${MyList}</arg>
<arg>${List1}</arg>
</arguments>
<status status="PASS" starttime="20190411 14:49:02.552" endtime="20190411 14:49:02.552"></status>
</kw>
<status status="PASS" starttime="20190411 14:49:02.512" endtime="20190411 14:49:02.552"></status>
</kw>
<kw name="${i} = 17" type="foritem">
<kw name="Get Text" library="SeleniumLibrary">
<doc>Returns the text value of element identified by ``locator``.</doc>
<arguments>
<arg>xpath:(//li[@id]//a[@class="listing-results-price text-price"])[${i}]</arg>
</arguments>
<assign>
<var>${List1}</var>
</assign>
<msg timestamp="20190411 14:49:02.592" level="INFO">${List1} = £455,000 Guide price</msg>
<status status="PASS" starttime="20190411 14:49:02.556" endtime="20190411 14:49:02.592"></status>
</kw>
<kw name="Append To List" library="Collections">
<doc>Adds ``values`` to the end of ``list``.</doc>
<arguments>
<arg>${MyList}</arg>
<arg>${List1}</arg>
</arguments>
<status status="PASS" starttime="20190411 14:49:02.592" endtime="20190411 14:49:02.592"></status>
</kw>
<status status="PASS" starttime="20190411 14:49:02.552" endtime="20190411 14:49:02.592"></status>
</kw>
<kw name="${i} = 18" type="foritem">
<kw name="Get Text" library="SeleniumLibrary">
<doc>Returns the text value of element identified by ``locator``.</doc>
<arguments>
<arg>xpath:(//li[@id]//a[@class="listing-results-price text-price"])[${i}]</arg>
</arguments>
<assign>
<var>${List1}</var>
</assign>
<msg timestamp="20190411 14:49:02.640" level="INFO">${List1} = £385,000 Guide price</msg>
<status status="PASS" starttime="20190411 14:49:02.592" endtime="20190411 14:49:02.640"></status>
</kw>
<kw name="Append To List" library="Collections">
<doc>Adds ``values`` to the end of ``list``.</doc>
<arguments>
<arg>${MyList}</arg>
<arg>${List1}</arg>
</arguments>
<status status="PASS" starttime="20190411 14:49:02.644" endtime="20190411 14:49:02.644"></status>
</kw>
<status status="PASS" starttime="20190411 14:49:02.592" endtime="20190411 14:49:02.644"></status>
</kw>
<kw name="${i} = 19" type="foritem">
<kw name="Get Text" library="SeleniumLibrary">
<doc>Returns the text value of element identified by ``locator``.</doc>
<arguments>
<arg>xpath:(//li[@id]//a[@class="listing-results-price text-price"])[${i}]</arg>
</arguments>
<assign>
<var>${List1}</var>
</assign>
<msg timestamp="20190411 14:49:02.704" level="INFO">${List1} = £650,000</msg>
<status status="PASS" starttime="20190411 14:49:02.644" endtime="20190411 14:49:02.704"></status>
</kw>
<kw name="Append To List" library="Collections">
<doc>Adds ``values`` to the end of ``list``.</doc>
<arguments>
<arg>${MyList}</arg>
<arg>${List1}</arg>
</arguments>
<status status="PASS" starttime="20190411 14:49:02.704" endtime="20190411 14:49:02.708"></status>
</kw>
<status status="PASS" starttime="20190411 14:49:02.644" endtime="20190411 14:49:02.708"></status>
</kw>
<kw name="${i} = 20" type="foritem">
<kw name="Get Text" library="SeleniumLibrary">
<doc>Returns the text value of element identified by ``locator``.</doc>
<arguments>
<arg>xpath:(//li[@id]//a[@class="listing-results-price text-price"])[${i}]</arg>
</arguments>
<assign>
<var>${List1}</var>
</assign>
<msg timestamp="20190411 14:49:02.796" level="INFO">${List1} = £325,000</msg>
<status status="PASS" starttime="20190411 14:49:02.708" endtime="20190411 14:49:02.796"></status>
</kw>
<kw name="Append To List" library="Collections">
<doc>Adds ``values`` to the end of ``list``.</doc>
<arguments>
<arg>${MyList}</arg>
<arg>${List1}</arg>
</arguments>
<status status="PASS" starttime="20190411 14:49:02.796" endtime="20190411 14:49:02.796"></status>
</kw>
<status status="PASS" starttime="20190411 14:49:02.708" endtime="20190411 14:49:02.796"></status>
</kw>
<kw name="${i} = 21" type="foritem">
<kw name="Get Text" library="SeleniumLibrary">
<doc>Returns the text value of element identified by ``locator``.</doc>
<arguments>
<arg>xpath:(//li[@id]//a[@class="listing-results-price text-price"])[${i}]</arg>
</arguments>
<assign>
<var>${List1}</var>
</assign>
<msg timestamp="20190411 14:49:02.860" level="INFO">${List1} = £385,000</msg>
<status status="PASS" starttime="20190411 14:49:02.796" endtime="20190411 14:49:02.860"></status>
</kw>
<kw name="Append To List" library="Collections">
<doc>Adds ``values`` to the end of ``list``.</doc>
<arguments>
<arg>${MyList}</arg>
<arg>${List1}</arg>
</arguments>
<status status="PASS" starttime="20190411 14:49:02.860" endtime="20190411 14:49:02.860"></status>
</kw>
<status status="PASS" starttime="20190411 14:49:02.796" endtime="20190411 14:49:02.860"></status>
</kw>
<kw name="${i} = 22" type="foritem">
<kw name="Get Text" library="SeleniumLibrary">
<doc>Returns the text value of element identified by ``locator``.</doc>
<arguments>
<arg>xpath:(//li[@id]//a[@class="listing-results-price text-price"])[${i}]</arg>
</arguments>
<assign>
<var>${List1}</var>
</assign>
<msg timestamp="20190411 14:49:02.916" level="INFO">${List1} = £375,000</msg>
<status status="PASS" starttime="20190411 14:49:02.860" endtime="20190411 14:49:02.916"></status>
</kw>
<kw name="Append To List" library="Collections">
<doc>Adds ``values`` to the end of ``list``.</doc>
<arguments>
<arg>${MyList}</arg>
<arg>${List1}</arg>
</arguments>
<status status="PASS" starttime="20190411 14:49:02.916" endtime="20190411 14:49:02.916"></status>
</kw>
<status status="PASS" starttime="20190411 14:49:02.860" endtime="20190411 14:49:02.916"></status>
</kw>
<kw name="${i} = 23" type="foritem">
<kw name="Get Text" library="SeleniumLibrary">
<doc>Returns the text value of element identified by ``locator``.</doc>
<arguments>
<arg>xpath:(//li[@id]//a[@class="listing-results-price text-price"])[${i}]</arg>
</arguments>
<assign>
<var>${List1}</var>
</assign>
<msg timestamp="20190411 14:49:02.956" level="INFO">${List1} = £680,000 From</msg>
<status status="PASS" starttime="20190411 14:49:02.920" endtime="20190411 14:49:02.956"></status>
</kw>
<kw name="Append To List" library="Collections">
<doc>Adds ``values`` to the end of ``list``.</doc>
<arguments>
<arg>${MyList}</arg>
<arg>${List1}</arg>
</arguments>
<status status="PASS" starttime="20190411 14:49:02.956" endtime="20190411 14:49:02.956"></status>
</kw>
<status status="PASS" starttime="20190411 14:49:02.916" endtime="20190411 14:49:02.960"></status>
</kw>
<kw name="${i} = 24" type="foritem">
<kw name="Get Text" library="SeleniumLibrary">
<doc>Returns the text value of element identified by ``locator``.</doc>
<arguments>
<arg>xpath:(//li[@id]//a[@class="listing-results-price text-price"])[${i}]</arg>
</arguments>
<assign>
<var>${List1}</var>
</assign>
<msg timestamp="20190411 14:49:03.000" level="INFO">${List1} = £675,000 Offers over</msg>
<status status="PASS" starttime="20190411 14:49:02.960" endtime="20190411 14:49:03.000"></status>
</kw>
<kw name="Append To List" library="Collections">
<doc>Adds ``values`` to the end of ``list``.</doc>
<arguments>
<arg>${MyList}</arg>
<arg>${List1}</arg>
</arguments>
<status status="PASS" starttime="20190411 14:49:03.000" endtime="20190411 14:49:03.004"></status>
</kw>
<status status="PASS" starttime="20190411 14:49:02.960" endtime="20190411 14:49:03.004"></status>
</kw>
<kw name="${i} = 25" type="foritem">
<kw name="Get Text" library="SeleniumLibrary">
<doc>Returns the text value of element identified by ``locator``.</doc>
<arguments>
<arg>xpath:(//li[@id]//a[@class="listing-results-price text-price"])[${i}]</arg>
</arguments>
<assign>
<var>${List1}</var>
</assign>
<msg timestamp="20190411 14:49:03.040" level="INFO">${List1} = £555,000</msg>
<status status="PASS" starttime="20190411 14:49:03.004" endtime="20190411 14:49:03.040"></status>
</kw>
<kw name="Append To List" library="Collections">
<doc>Adds ``values`` to the end of ``list``.</doc>
<arguments>
<arg>${MyList}</arg>
<arg>${List1}</arg>
</arguments>
<status status="PASS" starttime="20190411 14:49:03.040" endtime="20190411 14:49:03.040"></status>
</kw>
<status status="PASS" starttime="20190411 14:49:03.004" endtime="20190411 14:49:03.040"></status>
</kw>
<status status="PASS" starttime="20190411 14:49:01.829" endtime="20190411 14:49:03.040"></status>
</kw>
<status status="PASS" starttime="20190411 14:49:01.813" endtime="20190411 14:49:03.040"></status>
</kw>
<kw name="Displaying the Property List" library="HomePage">
<doc>Storing the Property Values in the List</doc>
<kw name="Storing Properties in List" library="HomePage">
<doc>Storing the Property Values in List</doc>
<assign>
<var>${Mylist}</var>
</assign>
<kw name="Get Element Count" library="SeleniumLibrary">
<doc>Returns number of elements matching ``locator``.</doc>
<arguments>
<arg>${Retrive_Data_Xpath}</arg>
</arguments>
<assign>
<var>${Prop_Count}</var>
</assign>
<msg timestamp="20190411 14:49:03.056" level="INFO">${Prop_Count} = 25</msg>
<status status="PASS" starttime="20190411 14:49:03.044" endtime="20190411 14:49:03.060"></status>
</kw>
<kw name="Create List" library="BuiltIn">
<doc>Returns a list containing given items.</doc>
<assign>
<var>@{MyList}</var>
</assign>
<msg timestamp="20190411 14:49:03.060" level="INFO">@{MyList} = [ ]</msg>
<status status="PASS" starttime="20190411 14:49:03.060" endtime="20190411 14:49:03.060"></status>
</kw>
<kw name="${i} IN RANGE [ 1 | ${Prop_Count}+1 ]" type="for">
<kw name="${i} = 1" type="foritem">
<kw name="Get Text" library="SeleniumLibrary">
<doc>Returns the text value of element identified by ``locator``.</doc>
<arguments>
<arg>xpath:(//li[@id]//a[@class="listing-results-price text-price"])[${i}]</arg>
</arguments>
<assign>
<var>${List1}</var>
</assign>
<msg timestamp="20190411 14:49:03.080" level="INFO">${List1} = £535,000</msg>
<status status="PASS" starttime="20190411 14:49:03.060" endtime="20190411 14:49:03.080"></status>
</kw>
<kw name="Append To List" library="Collections">
<doc>Adds ``values`` to the end of ``list``.</doc>
<arguments>
<arg>${MyList}</arg>
<arg>${List1}</arg>
</arguments>
<status status="PASS" starttime="20190411 14:49:03.084" endtime="20190411 14:49:03.084"></status>
</kw>
<status status="PASS" starttime="20190411 14:49:03.060" endtime="20190411 14:49:03.084"></status>
</kw>
<kw name="${i} = 2" type="foritem">
<kw name="Get Text" library="SeleniumLibrary">
<doc>Returns the text value of element identified by ``locator``.</doc>
<arguments>
<arg>xpath:(//li[@id]//a[@class="listing-results-price text-price"])[${i}]</arg>
</arguments>
<assign>
<var>${List1}</var>
</assign>
<msg timestamp="20190411 14:49:03.108" level="INFO">${List1} = £865,000</msg>
<status status="PASS" starttime="20190411 14:49:03.084" endtime="20190411 14:49:03.112"></status>
</kw>
<kw name="Append To List" library="Collections">
<doc>Adds ``values`` to the end of ``list``.</doc>
<arguments>
<arg>${MyList}</arg>
<arg>${List1}</arg>
</arguments>
<status status="PASS" starttime="20190411 14:49:03.112" endtime="20190411 14:49:03.112"></status>
</kw>
<status status="PASS" starttime="20190411 14:49:03.084" endtime="20190411 14:49:03.112"></status>
</kw>
<kw name="${i} = 3" type="foritem">
<kw name="Get Text" library="SeleniumLibrary">
<doc>Returns the text value of element identified by ``locator``.</doc>
<arguments>
<arg>xpath:(//li[@id]//a[@class="listing-results-price text-price"])[${i}]</arg>
</arguments>
<assign>
<var>${List1}</var>
</assign>
<msg timestamp="20190411 14:49:03.144" level="INFO">${List1} = £260,000</msg>
<status status="PASS" starttime="20190411 14:49:03.112" endtime="20190411 14:49:03.144"></status>
</kw>
<kw name="Append To List" library="Collections">
<doc>Adds ``values`` to the end of ``list``.</doc>
<arguments>
<arg>${MyList}</arg>
<arg>${List1}</arg>
</arguments>
<status status="PASS" starttime="20190411 14:49:03.144" endtime="20190411 14:49:03.144"></status>
</kw>
<status status="PASS" starttime="20190411 14:49:03.112" endtime="20190411 14:49:03.144"></status>
</kw>
<kw name="${i} = 4" type="foritem">
<kw name="Get Text" library="SeleniumLibrary">
<doc>Returns the text value of element identified by ``locator``.</doc>
<arguments>
<arg>xpath:(//li[@id]//a[@class="listing-results-price text-price"])[${i}]</arg>
</arguments>
<assign>
<var>${List1}</var>
</assign>
<msg timestamp="20190411 14:49:03.168" level="INFO">${List1} = £495,000</msg>
<status status="PASS" starttime="20190411 14:49:03.144" endtime="20190411 14:49:03.168"></status>
</kw>
<kw name="Append To List" library="Collections">
<doc>Adds ``values`` to the end of ``list``.</doc>
<arguments>
<arg>${MyList}</arg>
<arg>${List1}</arg>
</arguments>
<status status="PASS" starttime="20190411 14:49:03.168" endtime="20190411 14:49:03.168"></status>
</kw>
<status status="PASS" starttime="20190411 14:49:03.144" endtime="20190411 14:49:03.168"></status>
</kw>
<kw name="${i} = 5" type="foritem">
<kw name="Get Text" library="SeleniumLibrary">
<doc>Returns the text value of element identified by ``locator``.</doc>
<arguments>
<arg>xpath:(//li[@id]//a[@class="listing-results-price text-price"])[${i}]</arg>
</arguments>
<assign>
<var>${List1}</var>
</assign>
<msg timestamp="20190411 14:49:03.196" level="INFO">${List1} = £435,000</msg>
<status status="PASS" starttime="20190411 14:49:03.172" endtime="20190411 14:49:03.196"></status>
</kw>
<kw name="Append To List" library="Collections">
<doc>Adds ``values`` to the end of ``list``.</doc>
<arguments>
<arg>${MyList}</arg>
<arg>${List1}</arg>
</arguments>
<status status="PASS" starttime="20190411 14:49:03.196" endtime="20190411 14:49:03.200"></status>
</kw>
<status status="PASS" starttime="20190411 14:49:03.168" endtime="20190411 14:49:03.200"></status>
</kw>
<kw name="${i} = 6" type="foritem">
<kw name="Get Text" library="SeleniumLibrary">
<doc>Returns the text value of element identified by ``locator``.</doc>
<arguments>
<arg>xpath:(//li[@id]//a[@class="listing-results-price text-price"])[${i}]</arg>
</arguments>
<assign>
<var>${List1}</var>
</assign>
<msg timestamp="20190411 14:49:03.224" level="INFO">${List1} = £550,000</msg>
<status status="PASS" starttime="20190411 14:49:03.200" endtime="20190411 14:49:03.224"></status>
</kw>
<kw name="Append To List" library="Collections">
<doc>Adds ``values`` to the end of ``list``.</doc>
<arguments>
<arg>${MyList}</arg>
<arg>${List1}</arg>
</arguments>
<status status="PASS" starttime="20190411 14:49:03.224" endtime="20190411 14:49:03.228"></status>
</kw>
<status status="PASS" starttime="20190411 14:49:03.200" endtime="20190411 14:49:03.228"></status>
</kw>
<kw name="${i} = 7" type="foritem">
<kw name="Get Text" library="SeleniumLibrary">
<doc>Returns the text value of element identified by ``locator``.</doc>
<arguments>
<arg>xpath:(//li[@id]//a[@class="listing-results-price text-price"])[${i}]</arg>
</arguments>
<assign>
<var>${List1}</var>
</assign>
<msg timestamp="20190411 14:49:03.252" level="INFO">${List1} = £3,350,000</msg>
<status status="PASS" starttime="20190411 14:49:03.228" endtime="20190411 14:49:03.252"></status>
</kw>
<kw name="Append To List" library="Collections">
<doc>Adds ``values`` to the end of ``list``.</doc>
<arguments>
<arg>${MyList}</arg>
<arg>${List1}</arg>
</arguments>
<status status="PASS" starttime="20190411 14:49:03.252" endtime="20190411 14:49:03.252"></status>
</kw>
<status status="PASS" starttime="20190411 14:49:03.228" endtime="20190411 14:49:03.252"></status>
</kw>
<kw name="${i} = 8" type="foritem">
<kw name="Get Text" library="SeleniumLibrary">
<doc>Returns the text value of element identified by ``locator``.</doc>
<arguments>
<arg>xpath:(//li[@id]//a[@class="listing-results-price text-price"])[${i}]</arg>
</arguments>
<assign>
<var>${List1}</var>
</assign>
<msg timestamp="20190411 14:49:03.276" level="INFO">${List1} = £359,950</msg>
<status status="PASS" starttime="20190411 14:49:03.252" endtime="20190411 14:49:03.276"></status>
</kw>
<kw name="Append To List" library="Collections">
<doc>Adds ``values`` to the end of ``list``.</doc>
<arguments>
<arg>${MyList}</arg>
<arg>${List1}</arg>
</arguments>
<status status="PASS" starttime="20190411 14:49:03.276" endtime="20190411 14:49:03.276"></status>
</kw>
<status status="PASS" starttime="20190411 14:49:03.252" endtime="20190411 14:49:03.276"></status>
</kw>
<kw name="${i} = 9" type="foritem">
<kw name="Get Text" library="SeleniumLibrary">
<doc>Returns the text value of element identified by ``locator``.</doc>
<arguments>
<arg>xpath:(//li[@id]//a[@class="listing-results-price text-price"])[${i}]</arg>
</arguments>
<assign>
<var>${List1}</var>
</assign>
<msg timestamp="20190411 14:49:03.300" level="INFO">${List1} = £360,000 Offers over</msg>
<status status="PASS" starttime="20190411 14:49:03.276" endtime="20190411 14:49:03.300"></status>
</kw>
<kw name="Append To List" library="Collections">
<doc>Adds ``values`` to the end of ``list``.</doc>
<arguments>
<arg>${MyList}</arg>
<arg>${List1}</arg>
</arguments>
<status status="PASS" starttime="20190411 14:49:03.300" endtime="20190411 14:49:03.304"></status>
</kw>
<status status="PASS" starttime="20190411 14:49:03.276" endtime="20190411 14:49:03.304"></status>
</kw>
<kw name="${i} = 10" type="foritem">
<kw name="Get Text" library="SeleniumLibrary">
<doc>Returns the text value of element identified by ``locator``.</doc>
<arguments>
<arg>xpath:(//li[@id]//a[@class="listing-results-price text-price"])[${i}]</arg>
</arguments>
<assign>
<var>${List1}</var>
</assign>
<msg timestamp="20190411 14:49:03.328" level="INFO">${List1} = £550,000</msg>
<status status="PASS" starttime="20190411 14:49:03.304" endtime="20190411 14:49:03.328"></status>
</kw>
<kw name="Append To List" library="Collections">
<doc>Adds ``values`` to the end of ``list``.</doc>
<arguments>
<arg>${MyList}</arg>
<arg>${List1}</arg>
</arguments>
<status status="PASS" starttime="20190411 14:49:03.332" endtime="20190411 14:49:03.332"></status>
</kw>
<status status="PASS" starttime="20190411 14:49:03.304" endtime="20190411 14:49:03.332"></status>
</kw>
<kw name="${i} = 11" type="foritem">
<kw name="Get Text" library="SeleniumLibrary">
<doc>Returns the text value of element identified by ``locator``.</doc>
<arguments>
<arg>xpath:(//li[@id]//a[@class="listing-results-price text-price"])[${i}]</arg>
</arguments>
<assign>
<var>${List1}</var>
</assign>
<msg timestamp="20190411 14:49:03.360" level="INFO">${List1} = £385,000 Offers over</msg>
<status status="PASS" starttime="20190411 14:49:03.332" endtime="20190411 14:49:03.360"></status>
</kw>
<kw name="Append To List" library="Collections">
<doc>Adds ``values`` to the end of ``list``.</doc>
<arguments>
<arg>${MyList}</arg>
<arg>${List1}</arg>
</arguments>
<status status="PASS" starttime="20190411 14:49:03.360" endtime="20190411 14:49:03.360"></status>
</kw>
<status status="PASS" starttime="20190411 14:49:03.332" endtime="20190411 14:49:03.360"></status>
</kw>
<kw name="${i} = 12" type="foritem">
<kw name="Get Text" library="SeleniumLibrary">
<doc>Returns the text value of element identified by ``locator``.</doc>
<arguments>
<arg>xpath:(//li[@id]//a[@class="listing-results-price text-price"])[${i}]</arg>
</arguments>
<assign>
<var>${List1}</var>
</assign>
<msg timestamp="20190411 14:49:03.412" level="INFO">${List1} = £400,000 Guide price</msg>
<status status="PASS" starttime="20190411 14:49:03.360" endtime="20190411 14:49:03.412"></status>
</kw>
<kw name="Append To List" library="Collections">
<doc>Adds ``values`` to the end of ``list``.</doc>
<arguments>
<arg>${MyList}</arg>
<arg>${List1}</arg>
</arguments>
<status status="PASS" starttime="20190411 14:49:03.412" endtime="20190411 14:49:03.412"></status>
</kw>
<status status="PASS" starttime="20190411 14:49:03.360" endtime="20190411 14:49:03.412"></status>
</kw>
<kw name="${i} = 13" type="foritem">
<kw name="Get Text" library="SeleniumLibrary">
<doc>Returns the text value of element identified by ``locator``.</doc>
<arguments>
<arg>xpath:(//li[@id]//a[@class="listing-results-price text-price"])[${i}]</arg>
</arguments>
<assign>
<var>${List1}</var>
</assign>
<msg timestamp="20190411 14:49:03.452" level="INFO">${List1} = £475,000 Guide price</msg>
<status status="PASS" starttime="20190411 14:49:03.412" endtime="20190411 14:49:03.452"></status>
</kw>
<kw name="Append To List" library="Collections">
<doc>Adds ``values`` to the end of ``list``.</doc>
<arguments>
<arg>${MyList}</arg>
<arg>${List1}</arg>
</arguments>
<status status="PASS" starttime="20190411 14:49:03.452" endtime="20190411 14:49:03.452"></status>
</kw>
<status status="PASS" starttime="20190411 14:49:03.412" endtime="20190411 14:49:03.452"></status>
</kw>
<kw name="${i} = 14" type="foritem">
<kw name="Get Text" library="SeleniumLibrary">
<doc>Returns the text value of element identified by ``locator``.</doc>
<arguments>
<arg>xpath:(//li[@id]//a[@class="listing-results-price text-price"])[${i}]</arg>
</arguments>
<assign>
<var>${List1}</var>
</assign>
<msg timestamp="20190411 14:49:03.476" level="INFO">${List1} = £300,000 Guide price</msg>
<status status="PASS" starttime="20190411 14:49:03.452" endtime="20190411 14:49:03.476"></status>
</kw>
<kw name="Append To List" library="Collections">
<doc>Adds ``values`` to the end of ``list``.</doc>
<arguments>
<arg>${MyList}</arg>
<arg>${List1}</arg>
</arguments>
<status status="PASS" starttime="20190411 14:49:03.476" endtime="20190411 14:49:03.476"></status>
</kw>
<status status="PASS" starttime="20190411 14:49:03.452" endtime="20190411 14:49:03.476"></status>
</kw>
<kw name="${i} = 15" type="foritem">
<kw name="Get Text" library="SeleniumLibrary">
<doc>Returns the text value of element identified by ``locator``.</doc>
<arguments>
<arg>xpath:(//li[@id]//a[@class="listing-results-price text-price"])[${i}]</arg>
</arguments>
<assign>
<var>${List1}</var>
</assign>
<msg timestamp="20190411 14:49:03.504" level="INFO">${List1} = £325,000 Offers over</msg>
<status status="PASS" starttime="20190411 14:49:03.476" endtime="20190411 14:49:03.504"></status>
</kw>
<kw name="Append To List" library="Collections">
<doc>Adds ``values`` to the end of ``list``.</doc>
<arguments>
<arg>${MyList}</arg>
<arg>${List1}</arg>
</arguments>
<status status="PASS" starttime="20190411 14:49:03.504" endtime="20190411 14:49:03.504"></status>
</kw>
<status status="PASS" starttime="20190411 14:49:03.476" endtime="20190411 14:49:03.504"></status>
</kw>
<kw name="${i} = 16" type="foritem">
<kw name="Get Text" library="SeleniumLibrary">
<doc>Returns the text value of element identified by ``locator``.</doc>
<arguments>
<arg>xpath:(//li[@id]//a[@class="listing-results-price text-price"])[${i}]</arg>
</arguments>
<assign>
<var>${List1}</var>
</assign>
<msg timestamp="20190411 14:49:03.528" level="INFO">${List1} = £340,000 Guide price</msg>
<status status="PASS" starttime="20190411 14:49:03.504" endtime="20190411 14:49:03.528"></status>
</kw>
<kw name="Append To List" library="Collections">
<doc>Adds ``values`` to the end of ``list``.</doc>
<arguments>
<arg>${MyList}</arg>
<arg>${List1}</arg>
</arguments>
<status status="PASS" starttime="20190411 14:49:03.528" endtime="20190411 14:49:03.528"></status>
</kw>
<status status="PASS" starttime="20190411 14:49:03.504" endtime="20190411 14:49:03.528"></status>
</kw>
<kw name="${i} = 17" type="foritem">
<kw name="Get Text" library="SeleniumLibrary">
<doc>Returns the text value of element identified by ``locator``.</doc>
<arguments>
<arg>xpath:(//li[@id]//a[@class="listing-results-price text-price"])[${i}]</arg>
</arguments>
<assign>
<var>${List1}</var>
</assign>
<msg timestamp="20190411 14:49:03.552" level="INFO">${List1} = £455,000 Guide price</msg>
<status status="PASS" starttime="20190411 14:49:03.532" endtime="20190411 14:49:03.552"></status>
</kw>
<kw name="Append To List" library="Collections">
<doc>Adds ``values`` to the end of ``list``.</doc>
<arguments>
<arg>${MyList}</arg>
<arg>${List1}</arg>
</arguments>
<status status="PASS" starttime="20190411 14:49:03.556" endtime="20190411 14:49:03.556"></status>
</kw>
<status status="PASS" starttime="20190411 14:49:03.528" endtime="20190411 14:49:03.556"></status>
</kw>
<kw name="${i} = 18" type="foritem">
<kw name="Get Text" library="SeleniumLibrary">
<doc>Returns the text value of element identified by ``locator``.</doc>
<arguments>
<arg>xpath:(//li[@id]//a[@class="listing-results-price text-price"])[${i}]</arg>
</arguments>
<assign>
<var>${List1}</var>
</assign>
<msg timestamp="20190411 14:49:03.580" level="INFO">${List1} = £385,000 Guide price</msg>
<status status="PASS" starttime="20190411 14:49:03.556" endtime="20190411 14:49:03.584"></status>
</kw>
<kw name="Append To List" library="Collections">
<doc>Adds ``values`` to the end of ``list``.</doc>
<arguments>
<arg>${MyList}</arg>
<arg>${List1}</arg>
</arguments>
<status status="PASS" starttime="20190411 14:49:03.584" endtime="20190411 14:49:03.584"></status>
</kw>
<status status="PASS" starttime="20190411 14:49:03.556" endtime="20190411 14:49:03.584"></status>
</kw>
<kw name="${i} = 19" type="foritem">
<kw name="Get Text" library="SeleniumLibrary">
<doc>Returns the text value of element identified by ``locator``.</doc>
<arguments>
<arg>xpath:(//li[@id]//a[@class="listing-results-price text-price"])[${i}]</arg>
</arguments>
<assign>
<var>${List1}</var>
</assign>
<msg timestamp="20190411 14:49:03.608" level="INFO">${List1} = £650,000</msg>
<status status="PASS" starttime="20190411 14:49:03.584" endtime="20190411 14:49:03.608"></status>
</kw>
<kw name="Append To List" library="Collections">
<doc>Adds ``values`` to the end of ``list``.</doc>
<arguments>
<arg>${MyList}</arg>
<arg>${List1}</arg>
</arguments>
<status status="PASS" starttime="20190411 14:49:03.608" endtime="20190411 14:49:03.608"></status>
</kw>
<status status="PASS" starttime="20190411 14:49:03.584" endtime="20190411 14:49:03.608"></status>
</kw>
<kw name="${i} = 20" type="foritem">
<kw name="Get Text" library="SeleniumLibrary">
<doc>Returns the text value of element identified by ``locator``.</doc>
<arguments>
<arg>xpath:(//li[@id]//a[@class="listing-results-price text-price"])[${i}]</arg>
</arguments>
<assign>
<var>${List1}</var>
</assign>
<msg timestamp="20190411 14:49:03.636" level="INFO">${List1} = £325,000</msg>
<status status="PASS" starttime="20190411 14:49:03.612" endtime="20190411 14:49:03.636"></status>
</kw>
<kw name="Append To List" library="Collections">
<doc>Adds ``values`` to the end of ``list``.</doc>
<arguments>
<arg>${MyList}</arg>
<arg>${List1}</arg>
</arguments>
<status status="PASS" starttime="20190411 14:49:03.636" endtime="20190411 14:49:03.636"></status>
</kw>
<status status="PASS" starttime="20190411 14:49:03.608" endtime="20190411 14:49:03.636"></status>
</kw>
<kw name="${i} = 21" type="foritem">
<kw name="Get Text" library="SeleniumLibrary">
<doc>Returns the text value of element identified by ``locator``.</doc>
<arguments>
<arg>xpath:(//li[@id]//a[@class="listing-results-price text-price"])[${i}]</arg>
</arguments>
<assign>
<var>${List1}</var>
</assign>
<msg timestamp="20190411 14:49:03.664" level="INFO">${List1} = £385,000</msg>
<status status="PASS" starttime="20190411 14:49:03.636" endtime="20190411 14:49:03.664"></status>
</kw>
<kw name="Append To List" library="Collections">
<doc>Adds ``values`` to the end of ``list``.</doc>
<arguments>
<arg>${MyList}</arg>
<arg>${List1}</arg>
</arguments>
<status status="PASS" starttime="20190411 14:49:03.664" endtime="20190411 14:49:03.664"></status>
</kw>
<status status="PASS" starttime="20190411 14:49:03.636" endtime="20190411 14:49:03.664"></status>
</kw>
<kw name="${i} = 22" type="foritem">
<kw name="Get Text" library="SeleniumLibrary">
<doc>Returns the text value of element identified by ``locator``.</doc>
<arguments>
<arg>xpath:(//li[@id]//a[@class="listing-results-price text-price"])[${i}]</arg>
</arguments>
<assign>
<var>${List1}</var>
</assign>
<msg timestamp="20190411 14:49:03.696" level="INFO">${List1} = £375,000</msg>
<status status="PASS" starttime="20190411 14:49:03.668" endtime="20190411 14:49:03.696"></status>
</kw>
<kw name="Append To List" library="Collections">
<doc>Adds ``values`` to the end of ``list``.</doc>
<arguments>
<arg>${MyList}</arg>
<arg>${List1}</arg>
</arguments>
<status status="PASS" starttime="20190411 14:49:03.696" endtime="20190411 14:49:03.696"></status>
</kw>
<status status="PASS" starttime="20190411 14:49:03.668" endtime="20190411 14:49:03.696"></status>
</kw>
<kw name="${i} = 23" type="foritem">
<kw name="Get Text" library="SeleniumLibrary">
<doc>Returns the text value of element identified by ``locator``.</doc>
<arguments>
<arg>xpath:(//li[@id]//a[@class="listing-results-price text-price"])[${i}]</arg>
</arguments>
<assign>
<var>${List1}</var>
</assign>
<msg timestamp="20190411 14:49:03.728" level="INFO">${List1} = £680,000 From</msg>
<status status="PASS" starttime="20190411 14:49:03.696" endtime="20190411 14:49:03.728"></status>
</kw>
<kw name="Append To List" library="Collections">
<doc>Adds ``values`` to the end of ``list``.</doc>
<arguments>
<arg>${MyList}</arg>
<arg>${List1}</arg>
</arguments>
<status status="PASS" starttime="20190411 14:49:03.728" endtime="20190411 14:49:03.728"></status>
</kw>
<status status="PASS" starttime="20190411 14:49:03.696" endtime="20190411 14:49:03.728"></status>
</kw>
<kw name="${i} = 24" type="foritem">
<kw name="Get Text" library="SeleniumLibrary">
<doc>Returns the text value of element identified by ``locator``.</doc>
<arguments>
<arg>xpath:(//li[@id]//a[@class="listing-results-price text-price"])[${i}]</arg>
</arguments>
<assign>
<var>${List1}</var>
</assign>
<msg timestamp="20190411 14:49:03.756" level="INFO">${List1} = £675,000 Offers over</msg>
<status status="PASS" starttime="20190411 14:49:03.728" endtime="20190411 14:49:03.756"></status>
</kw>
<kw name="Append To List" library="Collections">
<doc>Adds ``values`` to the end of ``list``.</doc>
<arguments>
<arg>${MyList}</arg>
<arg>${List1}</arg>
</arguments>
<status status="PASS" starttime="20190411 14:49:03.756" endtime="20190411 14:49:03.756"></status>
</kw>
<status status="PASS" starttime="20190411 14:49:03.728" endtime="20190411 14:49:03.756"></status>
</kw>
<kw name="${i} = 25" type="foritem">
<kw name="Get Text" library="SeleniumLibrary">
<doc>Returns the text value of element identified by ``locator``.</doc>
<arguments>
<arg>xpath:(//li[@id]//a[@class="listing-results-price text-price"])[${i}]</arg>
</arguments>
<assign>
<var>${List1}</var>
</assign>
<msg timestamp="20190411 14:49:03.784" level="INFO">${List1} = £555,000</msg>
<status status="PASS" starttime="20190411 14:49:03.760" endtime="20190411 14:49:03.784"></status>
</kw>
<kw name="Append To List" library="Collections">
<doc>Adds ``values`` to the end of ``list``.</doc>
<arguments>
<arg>${MyList}</arg>
<arg>${List1}</arg>
</arguments>
<status status="PASS" starttime="20190411 14:49:03.784" endtime="20190411 14:49:03.784"></status>
</kw>
<status status="PASS" starttime="20190411 14:49:03.760" endtime="20190411 14:49:03.784"></status>
</kw>
<status status="PASS" starttime="20190411 14:49:03.060" endtime="20190411 14:49:03.784"></status>
</kw>
<msg timestamp="20190411 14:49:03.784" level="INFO">${Mylist} = ['£535,000', '£865,000', '£260,000', '£495,000', '£435,000', '£550,000', '£3,350,000', '£359,950', '£360,000 Offers over', '£550,000', '£385,000 Offers over', '£400,000 Guide price', '£475,000 Guide p...</msg>
<status status="PASS" starttime="20190411 14:49:03.044" endtime="20190411 14:49:03.784"></status>
</kw>
<kw name="Log To Console" library="BuiltIn">
<doc>Logs the given message to the console.</doc>
<arguments>
<arg>Properties Price List As Per Displayed Order:</arg>
</arguments>
<status status="PASS" starttime="20190411 14:49:03.784" endtime="20190411 14:49:03.784"></status>
</kw>
<kw name="Log To Console" library="BuiltIn">
<doc>Logs the given message to the console.</doc>
<arguments>
<arg>${MyList}</arg>
</arguments>
<status status="PASS" starttime="20190411 14:49:03.788" endtime="20190411 14:49:03.789"></status>
</kw>
<status status="PASS" starttime="20190411 14:49:03.044" endtime="20190411 14:49:03.789"></status>
</kw>
<kw name="Arranging List in Descending Order" library="HomePage">
<kw name="Storing Properties in List" library="HomePage">
<doc>Storing the Property Values in List</doc>
<assign>
<var>@{MyList}</var>
</assign>
<kw name="Get Element Count" library="SeleniumLibrary">
<doc>Returns number of elements matching ``locator``.</doc>
<arguments>
<arg>${Retrive_Data_Xpath}</arg>
</arguments>
<assign>
<var>${Prop_Count}</var>
</assign>
<msg timestamp="20190411 14:49:03.805" level="INFO">${Prop_Count} = 25</msg>
<status status="PASS" starttime="20190411 14:49:03.793" endtime="20190411 14:49:03.805"></status>
</kw>
<kw name="Create List" library="BuiltIn">
<doc>Returns a list containing given items.</doc>
<assign>
<var>@{MyList}</var>
</assign>
<msg timestamp="20190411 14:49:03.805" level="INFO">@{MyList} = [ ]</msg>
<status status="PASS" starttime="20190411 14:49:03.805" endtime="20190411 14:49:03.805"></status>
</kw>
<kw name="${i} IN RANGE [ 1 | ${Prop_Count}+1 ]" type="for">
<kw name="${i} = 1" type="foritem">
<kw name="Get Text" library="SeleniumLibrary">
<doc>Returns the text value of element identified by ``locator``.</doc>
<arguments>
<arg>xpath:(//li[@id]//a[@class="listing-results-price text-price"])[${i}]</arg>
</arguments>
<assign>
<var>${List1}</var>
</assign>
<msg timestamp="20190411 14:49:03.837" level="INFO">${List1} = £535,000</msg>
<status status="PASS" starttime="20190411 14:49:03.809" endtime="20190411 14:49:03.837"></status>
</kw>
<kw name="Append To List" library="Collections">
<doc>Adds ``values`` to the end of ``list``.</doc>
<arguments>
<arg>${MyList}</arg>
<arg>${List1}</arg>
</arguments>
<status status="PASS" starttime="20190411 14:49:03.837" endtime="20190411 14:49:03.837"></status>
</kw>
<status status="PASS" starttime="20190411 14:49:03.809" endtime="20190411 14:49:03.837"></status>
</kw>
<kw name="${i} = 2" type="foritem">
<kw name="Get Text" library="SeleniumLibrary">
<doc>Returns the text value of element identified by ``locator``.</doc>
<arguments>
<arg>xpath:(//li[@id]//a[@class="listing-results-price text-price"])[${i}]</arg>
</arguments>
<assign>
<var>${List1}</var>
</assign>
<msg timestamp="20190411 14:49:03.873" level="INFO">${List1} = £865,000</msg>
<status status="PASS" starttime="20190411 14:49:03.841" endtime="20190411 14:49:03.873"></status>
</kw>
<kw name="Append To List" library="Collections">
<doc>Adds ``values`` to the end of ``list``.</doc>
<arguments>
<arg>${MyList}</arg>
<arg>${List1}</arg>
</arguments>
<status status="PASS" starttime="20190411 14:49:03.873" endtime="20190411 14:49:03.873"></status>
</kw>
<status status="PASS" starttime="20190411 14:49:03.841" endtime="20190411 14:49:03.873"></status>
</kw>
<kw name="${i} = 3" type="foritem">
<kw name="Get Text" library="SeleniumLibrary">
<doc>Returns the text value of element identified by ``locator``.</doc>
<arguments>
<arg>xpath:(//li[@id]//a[@class="listing-results-price text-price"])[${i}]</arg>
</arguments>
<assign>
<var>${List1}</var>
</assign>
<msg timestamp="20190411 14:49:03.901" level="INFO">${List1} = £260,000</msg>
<status status="PASS" starttime="20190411 14:49:03.877" endtime="20190411 14:49:03.901"></status>
</kw>
<kw name="Append To List" library="Collections">
<doc>Adds ``values`` to the end of ``list``.</doc>
<arguments>
<arg>${MyList}</arg>
<arg>${List1}</arg>
</arguments>
<status status="PASS" starttime="20190411 14:49:03.901" endtime="20190411 14:49:03.905"></status>
</kw>
<status status="PASS" starttime="20190411 14:49:03.877" endtime="20190411 14:49:03.905"></status>
</kw>
<kw name="${i} = 4" type="foritem">
<kw name="Get Text" library="SeleniumLibrary">
<doc>Returns the text value of element identified by ``locator``.</doc>
<arguments>
<arg>xpath:(//li[@id]//a[@class="listing-results-price text-price"])[${i}]</arg>
</arguments>
<assign>
<var>${List1}</var>
</assign>
<msg timestamp="20190411 14:49:03.929" level="INFO">${List1} = £495,000</msg>
<status status="PASS" starttime="20190411 14:49:03.905" endtime="20190411 14:49:03.929"></status>
</kw>
<kw name="Append To List" library="Collections">
<doc>Adds ``values`` to the end of ``list``.</doc>
<arguments>
<arg>${MyList}</arg>
<arg>${List1}</arg>
</arguments>
<status status="PASS" starttime="20190411 14:49:03.929" endtime="20190411 14:49:03.929"></status>
</kw>
<status status="PASS" starttime="20190411 14:49:03.905" endtime="20190411 14:49:03.929"></status>
</kw>
<kw name="${i} = 5" type="foritem">
<kw name="Get Text" library="SeleniumLibrary">
<doc>Returns the text value of element identified by ``locator``.</doc>
<arguments>
<arg>xpath:(//li[@id]//a[@class="listing-results-price text-price"])[${i}]</arg>
</arguments>
<assign>
<var>${List1}</var>
</assign>
<msg timestamp="20190411 14:49:03.953" level="INFO">${List1} = £435,000</msg>
<status status="PASS" starttime="20190411 14:49:03.929" endtime="20190411 14:49:03.953"></status>
</kw>
<kw name="Append To List" library="Collections">
<doc>Adds ``values`` to the end of ``list``.</doc>
<arguments>
<arg>${MyList}</arg>
<arg>${List1}</arg>
</arguments>
<status status="PASS" starttime="20190411 14:49:03.957" endtime="20190411 14:49:03.957"></status>
</kw>
<status status="PASS" starttime="20190411 14:49:03.929" endtime="20190411 14:49:03.957"></status>
</kw>
<kw name="${i} = 6" type="foritem">
<kw name="Get Text" library="SeleniumLibrary">
<doc>Returns the text value of element identified by ``locator``.</doc>
<arguments>
<arg>xpath:(//li[@id]//a[@class="listing-results-price text-price"])[${i}]</arg>
</arguments>
<assign>
<var>${List1}</var>
</assign>
<msg timestamp="20190411 14:49:03.981" level="INFO">${List1} = £550,000</msg>
<status status="PASS" starttime="20190411 14:49:03.957" endtime="20190411 14:49:03.981"></status>
</kw>
<kw name="Append To List" library="Collections">
<doc>Adds ``values`` to the end of ``list``.</doc>
<arguments>
<arg>${MyList}</arg>
<arg>${List1}</arg>
</arguments>
<status status="PASS" starttime="20190411 14:49:03.981" endtime="20190411 14:49:03.981"></status>
</kw>
<status status="PASS" starttime="20190411 14:49:03.957" endtime="20190411 14:49:03.981"></status>
</kw>
<kw name="${i} = 7" type="foritem">
<kw name="Get Text" library="SeleniumLibrary">
<doc>Returns the text value of element identified by ``locator``.</doc>
<arguments>
<arg>xpath:(//li[@id]//a[@class="listing-results-price text-price"])[${i}]</arg>
</arguments>
<assign>
<var>${List1}</var>
</assign>
<msg timestamp="20190411 14:49:04.005" level="INFO">${List1} = £3,350,000</msg>
<status status="PASS" starttime="20190411 14:49:03.981" endtime="20190411 14:49:04.005"></status>
</kw>
<kw name="Append To List" library="Collections">
<doc>Adds ``values`` to the end of ``list``.</doc>
<arguments>
<arg>${MyList}</arg>
<arg>${List1}</arg>
</arguments>
<status status="PASS" starttime="20190411 14:49:04.005" endtime="20190411 14:49:04.005"></status>
</kw>
<status status="PASS" starttime="20190411 14:49:03.981" endtime="20190411 14:49:04.005"></status>
</kw>
<kw name="${i} = 8" type="foritem">
<kw name="Get Text" library="SeleniumLibrary">
<doc>Returns the text value of element identified by ``locator``.</doc>
<arguments>
<arg>xpath:(//li[@id]//a[@class="listing-results-price text-price"])[${i}]</arg>
</arguments>
<assign>
<var>${List1}</var>
</assign>
<msg timestamp="20190411 14:49:04.033" level="INFO">${List1} = £359,950</msg>
<status status="PASS" starttime="20190411 14:49:04.005" endtime="20190411 14:49:04.033"></status>
</kw>
<kw name="Append To List" library="Collections">
<doc>Adds ``values`` to the end of ``list``.</doc>
<arguments>
<arg>${MyList}</arg>
<arg>${List1}</arg>
</arguments>
<status status="PASS" starttime="20190411 14:49:04.033" endtime="20190411 14:49:04.033"></status>
</kw>
<status status="PASS" starttime="20190411 14:49:04.005" endtime="20190411 14:49:04.033"></status>
</kw>
<kw name="${i} = 9" type="foritem">
<kw name="Get Text" library="SeleniumLibrary">
<doc>Returns the text value of element identified by ``locator``.</doc>
<arguments>
<arg>xpath:(//li[@id]//a[@class="listing-results-price text-price"])[${i}]</arg>
</arguments>
<assign>
<var>${List1}</var>
</assign>
<msg timestamp="20190411 14:49:04.065" level="INFO">${List1} = £360,000 Offers over</msg>
<status status="PASS" starttime="20190411 14:49:04.033" endtime="20190411 14:49:04.065"></status>
</kw>
<kw name="Append To List" library="Collections">
<doc>Adds ``values`` to the end of ``list``.</doc>
<arguments>
<arg>${MyList}</arg>
<arg>${List1}</arg>
</arguments>
<status status="PASS" starttime="20190411 14:49:04.065" endtime="20190411 14:49:04.065"></status>
</kw>
<status status="PASS" starttime="20190411 14:49:04.033" endtime="20190411 14:49:04.065"></status>
</kw>
<kw name="${i} = 10" type="foritem">
<kw name="Get Text" library="SeleniumLibrary">
<doc>Returns the text value of element identified by ``locator``.</doc>
<arguments>
<arg>xpath:(//li[@id]//a[@class="listing-results-price text-price"])[${i}]</arg>
</arguments>
<assign>
<var>${List1}</var>
</assign>
<msg timestamp="20190411 14:49:04.089" level="INFO">${List1} = £550,000</msg>
<status status="PASS" starttime="20190411 14:49:04.065" endtime="20190411 14:49:04.093"></status>
</kw>
<kw name="Append To List" library="Collections">
<doc>Adds ``values`` to the end of ``list``.</doc>
<arguments>
<arg>${MyList}</arg>
<arg>${List1}</arg>
</arguments>
<status status="PASS" starttime="20190411 14:49:04.093" endtime="20190411 14:49:04.093"></status>
</kw>
<status status="PASS" starttime="20190411 14:49:04.065" endtime="20190411 14:49:04.093"></status>
</kw>
<kw name="${i} = 11" type="foritem">
<kw name="Get Text" library="SeleniumLibrary">
<doc>Returns the text value of element identified by ``locator``.</doc>
<arguments>
<arg>xpath:(//li[@id]//a[@class="listing-results-price text-price"])[${i}]</arg>
</arguments>
<assign>
<var>${List1}</var>
</assign>
<msg timestamp="20190411 14:49:04.117" level="INFO">${List1} = £385,000 Offers over</msg>
<status status="PASS" starttime="20190411 14:49:04.093" endtime="20190411 14:49:04.117"></status>
</kw>
<kw name="Append To List" library="Collections">
<doc>Adds ``values`` to the end of ``list``.</doc>
<arguments>
<arg>${MyList}</arg>
<arg>${List1}</arg>
</arguments>
<status status="PASS" starttime="20190411 14:49:04.117" endtime="20190411 14:49:04.117"></status>
</kw>
<status status="PASS" starttime="20190411 14:49:04.093" endtime="20190411 14:49:04.117"></status>
</kw>
<kw name="${i} = 12" type="foritem">
<kw name="Get Text" library="SeleniumLibrary">
<doc>Returns the text value of element identified by ``locator``.</doc>
<arguments>
<arg>xpath:(//li[@id]//a[@class="listing-results-price text-price"])[${i}]</arg>
</arguments>
<assign>
<var>${List1}</var>
</assign>
<msg timestamp="20190411 14:49:04.145" level="INFO">${List1} = £400,000 Guide price</msg>
<status status="PASS" starttime="20190411 14:49:04.117" endtime="20190411 14:49:04.145"></status>
</kw>
<kw name="Append To List" library="Collections">
<doc>Adds ``values`` to the end of ``list``.</doc>
<arguments>
<arg>${MyList}</arg>
<arg>${List1}</arg>
</arguments>
<status status="PASS" starttime="20190411 14:49:04.145" endtime="20190411 14:49:04.149"></status>
</kw>
<status status="PASS" starttime="20190411 14:49:04.117" endtime="20190411 14:49:04.149"></status>
</kw>
<kw name="${i} = 13" type="foritem">
<kw name="Get Text" library="SeleniumLibrary">
<doc>Returns the text value of element identified by ``locator``.</doc>
<arguments>
<arg>xpath:(//li[@id]//a[@class="listing-results-price text-price"])[${i}]</arg>
</arguments>
<assign>
<var>${List1}</var>
</assign>
<msg timestamp="20190411 14:49:04.177" level="INFO">${List1} = £475,000 Guide price</msg>
<status status="PASS" starttime="20190411 14:49:04.149" endtime="20190411 14:49:04.177"></status>
</kw>
<kw name="Append To List" library="Collections">
<doc>Adds ``values`` to the end of ``list``.</doc>
<arguments>
<arg>${MyList}</arg>
<arg>${List1}</arg>
</arguments>
<status status="PASS" starttime="20190411 14:49:04.177" endtime="20190411 14:49:04.181"></status>
</kw>
<status status="PASS" starttime="20190411 14:49:04.149" endtime="20190411 14:49:04.181"></status>
</kw>
<kw name="${i} = 14" type="foritem">
<kw name="Get Text" library="SeleniumLibrary">
<doc>Returns the text value of element identified by ``locator``.</doc>
<arguments>
<arg>xpath:(//li[@id]//a[@class="listing-results-price text-price"])[${i}]</arg>
</arguments>
<assign>
<var>${List1}</var>
</assign>
<msg timestamp="20190411 14:49:04.205" level="INFO">${List1} = £300,000 Guide price</msg>
<status status="PASS" starttime="20190411 14:49:04.181" endtime="20190411 14:49:04.205"></status>
</kw>
<kw name="Append To List" library="Collections">
<doc>Adds ``values`` to the end of ``list``.</doc>
<arguments>
<arg>${MyList}</arg>
<arg>${List1}</arg>
</arguments>
<status status="PASS" starttime="20190411 14:49:04.205" endtime="20190411 14:49:04.205"></status>
</kw>
<status status="PASS" starttime="20190411 14:49:04.181" endtime="20190411 14:49:04.205"></status>
</kw>
<kw name="${i} = 15" type="foritem">
<kw name="Get Text" library="SeleniumLibrary">
<doc>Returns the text value of element identified by ``locator``.</doc>
<arguments>
<arg>xpath:(//li[@id]//a[@class="listing-results-price text-price"])[${i}]</arg>
</arguments>
<assign>
<var>${List1}</var>
</assign>
<msg timestamp="20190411 14:49:04.233" level="INFO">${List1} = £325,000 Offers over</msg>
<status status="PASS" starttime="20190411 14:49:04.209" endtime="20190411 14:49:04.233"></status>
</kw>
<kw name="Append To List" library="Collections">
<doc>Adds ``values`` to the end of ``list``.</doc>
<arguments>
<arg>${MyList}</arg>
<arg>${List1}</arg>
</arguments>
<status status="PASS" starttime="20190411 14:49:04.233" endtime="20190411 14:49:04.233"></status>
</kw>
<status status="PASS" starttime="20190411 14:49:04.205" endtime="20190411 14:49:04.233"></status>
</kw>
<kw name="${i} = 16" type="foritem">
<kw name="Get Text" library="SeleniumLibrary">
<doc>Returns the text value of element identified by ``locator``.</doc>
<arguments>
<arg>xpath:(//li[@id]//a[@class="listing-results-price text-price"])[${i}]</arg>
</arguments>
<assign>
<var>${List1}</var>
</assign>
<msg timestamp="20190411 14:49:04.253" level="INFO">${List1} = £340,000 Guide price</msg>
<status status="PASS" starttime="20190411 14:49:04.233" endtime="20190411 14:49:04.257"></status>
</kw>
<kw name="Append To List" library="Collections">
<doc>Adds ``values`` to the end of ``list``.</doc>
<arguments>
<arg>${MyList}</arg>
<arg>${List1}</arg>
</arguments>
<status status="PASS" starttime="20190411 14:49:04.257" endtime="20190411 14:49:04.257"></status>
</kw>
<status status="PASS" starttime="20190411 14:49:04.233" endtime="20190411 14:49:04.257"></status>
</kw>
<kw name="${i} = 17" type="foritem">
<kw name="Get Text" library="SeleniumLibrary">
<doc>Returns the text value of element identified by ``locator``.</doc>
<arguments>
<arg>xpath:(//li[@id]//a[@class="listing-results-price text-price"])[${i}]</arg>
</arguments>
<assign>
<var>${List1}</var>
</assign>
<msg timestamp="20190411 14:49:04.277" level="INFO">${List1} = £455,000 Guide price</msg>
<status status="PASS" starttime="20190411 14:49:04.257" endtime="20190411 14:49:04.277"></status>
</kw>
<kw name="Append To List" library="Collections">
<doc>Adds ``values`` to the end of ``list``.</doc>
<arguments>
<arg>${MyList}</arg>
<arg>${List1}</arg>
</arguments>
<status status="PASS" starttime="20190411 14:49:04.277" endtime="20190411 14:49:04.277"></status>
</kw>
<status status="PASS" starttime="20190411 14:49:04.257" endtime="20190411 14:49:04.277"></status>
</kw>
<kw name="${i} = 18" type="foritem">
<kw name="Get Text" library="SeleniumLibrary">
<doc>Returns the text value of element identified by ``locator``.</doc>
<arguments>
<arg>xpath:(//li[@id]//a[@class="listing-results-price text-price"])[${i}]</arg>
</arguments>
<assign>
<var>${List1}</var>
</assign>
<msg timestamp="20190411 14:49:04.301" level="INFO">${List1} = £385,000 Guide price</msg>
<status status="PASS" starttime="20190411 14:49:04.281" endtime="20190411 14:49:04.301"></status>
</kw>
<kw name="Append To List" library="Collections">
<doc>Adds ``values`` to the end of ``list``.</doc>
<arguments>
<arg>${MyList}</arg>
<arg>${List1}</arg>
</arguments>
<status status="PASS" starttime="20190411 14:49:04.301" endtime="20190411 14:49:04.301"></status>
</kw>
<status status="PASS" starttime="20190411 14:49:04.277" endtime="20190411 14:49:04.301"></status>
</kw>
<kw name="${i} = 19" type="foritem">
<kw name="Get Text" library="SeleniumLibrary">
<doc>Returns the text value of element identified by ``locator``.</doc>
<arguments>
<arg>xpath:(//li[@id]//a[@class="listing-results-price text-price"])[${i}]</arg>
</arguments>
<assign>
<var>${List1}</var>
</assign>
<msg timestamp="20190411 14:49:04.321" level="INFO">${List1} = £650,000</msg>
<status status="PASS" starttime="20190411 14:49:04.301" endtime="20190411 14:49:04.321"></status>
</kw>
<kw name="Append To List" library="Collections">
<doc>Adds ``values`` to the end of ``list``.</doc>
<arguments>
<arg>${MyList}</arg>
<arg>${List1}</arg>
</arguments>
<status status="PASS" starttime="20190411 14:49:04.321" endtime="20190411 14:49:04.325"></status>
</kw>
<status status="PASS" starttime="20190411 14:49:04.301" endtime="20190411 14:49:04.325"></status>
</kw>
<kw name="${i} = 20" type="foritem">
<kw name="Get Text" library="SeleniumLibrary">
<doc>Returns the text value of element identified by ``locator``.</doc>
<arguments>
<arg>xpath:(//li[@id]//a[@class="listing-results-price text-price"])[${i}]</arg>
</arguments>
<assign>
<var>${List1}</var>
</assign>
<msg timestamp="20190411 14:49:04.349" level="INFO">${List1} = £325,000</msg>
<status status="PASS" starttime="20190411 14:49:04.325" endtime="20190411 14:49:04.349"></status>
</kw>
<kw name="Append To List" library="Collections">
<doc>Adds ``values`` to the end of ``list``.</doc>
<arguments>
<arg>${MyList}</arg>
<arg>${List1}</arg>
</arguments>
<status status="PASS" starttime="20190411 14:49:04.349" endtime="20190411 14:49:04.349"></status>
</kw>
<status status="PASS" starttime="20190411 14:49:04.325" endtime="20190411 14:49:04.353"></status>
</kw>
<kw name="${i} = 21" type="foritem">
<kw name="Get Text" library="SeleniumLibrary">
<doc>Returns the text value of element identified by ``locator``.</doc>
<arguments>
<arg>xpath:(//li[@id]//a[@class="listing-results-price text-price"])[${i}]</arg>
</arguments>
<assign>
<var>${List1}</var>
</assign>
<msg timestamp="20190411 14:49:04.373" level="INFO">${List1} = £385,000</msg>
<status status="PASS" starttime="20190411 14:49:04.353" endtime="20190411 14:49:04.373"></status>
</kw>
<kw name="Append To List" library="Collections">
<doc>Adds ``values`` to the end of ``list``.</doc>
<arguments>
<arg>${MyList}</arg>
<arg>${List1}</arg>
</arguments>
<status status="PASS" starttime="20190411 14:49:04.373" endtime="20190411 14:49:04.373"></status>
</kw>
<status status="PASS" starttime="20190411 14:49:04.353" endtime="20190411 14:49:04.373"></status>
</kw>
<kw name="${i} = 22" type="foritem">
<kw name="Get Text" library="SeleniumLibrary">
<doc>Returns the text value of element identified by ``locator``.</doc>
<arguments>
<arg>xpath:(//li[@id]//a[@class="listing-results-price text-price"])[${i}]</arg>
</arguments>
<assign>
<var>${List1}</var>
</assign>
<msg timestamp="20190411 14:49:04.393" level="INFO">${List1} = £375,000</msg>
<status status="PASS" starttime="20190411 14:49:04.373" endtime="20190411 14:49:04.393"></status>
</kw>
<kw name="Append To List" library="Collections">
<doc>Adds ``values`` to the end of ``list``.</doc>
<arguments>
<arg>${MyList}</arg>
<arg>${List1}</arg>
</arguments>
<status status="PASS" starttime="20190411 14:49:04.397" endtime="20190411 14:49:04.397"></status>
</kw>
<status status="PASS" starttime="20190411 14:49:04.373" endtime="20190411 14:49:04.397"></status>
</kw>
<kw name="${i} = 23" type="foritem">
<kw name="Get Text" library="SeleniumLibrary">
<doc>Returns the text value of element identified by ``locator``.</doc>
<arguments>
<arg>xpath:(//li[@id]//a[@class="listing-results-price text-price"])[${i}]</arg>
</arguments>
<assign>
<var>${List1}</var>
</assign>
<msg timestamp="20190411 14:49:04.417" level="INFO">${List1} = £680,000 From</msg>
<status status="PASS" starttime="20190411 14:49:04.397" endtime="20190411 14:49:04.417"></status>
</kw>
<kw name="Append To List" library="Collections">
<doc>Adds ``values`` to the end of ``list``.</doc>
<arguments>
<arg>${MyList}</arg>
<arg>${List1}</arg>
</arguments>
<status status="PASS" starttime="20190411 14:49:04.417" endtime="20190411 14:49:04.421"></status>
</kw>
<status status="PASS" starttime="20190411 14:49:04.397" endtime="20190411 14:49:04.421"></status>
</kw>
<kw name="${i} = 24" type="foritem">
<kw name="Get Text" library="SeleniumLibrary">
<doc>Returns the text value of element identified by ``locator``.</doc>
<arguments>
<arg>xpath:(//li[@id]//a[@class="listing-results-price text-price"])[${i}]</arg>
</arguments>
<assign>
<var>${List1}</var>
</assign>
<msg timestamp="20190411 14:49:04.445" level="INFO">${List1} = £675,000 Offers over</msg>
<status status="PASS" starttime="20190411 14:49:04.421" endtime="20190411 14:49:04.445"></status>
</kw>
<kw name="Append To List" library="Collections">
<doc>Adds ``values`` to the end of ``list``.</doc>
<arguments>
<arg>${MyList}</arg>
<arg>${List1}</arg>
</arguments>
<status status="PASS" starttime="20190411 14:49:04.449" endtime="20190411 14:49:04.449"></status>
</kw>
<status status="PASS" starttime="20190411 14:49:04.421" endtime="20190411 14:49:04.449"></status>
</kw>
<kw name="${i} = 25" type="foritem">
<kw name="Get Text" library="SeleniumLibrary">
<doc>Returns the text value of element identified by ``locator``.</doc>
<arguments>
<arg>xpath:(//li[@id]//a[@class="listing-results-price text-price"])[${i}]</arg>
</arguments>
<assign>
<var>${List1}</var>
</assign>
<msg timestamp="20190411 14:49:04.469" level="INFO">${List1} = £555,000</msg>
<status status="PASS" starttime="20190411 14:49:04.449" endtime="20190411 14:49:04.469"></status>
</kw>
<kw name="Append To List" library="Collections">
<doc>Adds ``values`` to the end of ``list``.</doc>
<arguments>
<arg>${MyList}</arg>
<arg>${List1}</arg>
</arguments>
<status status="PASS" starttime="20190411 14:49:04.469" endtime="20190411 14:49:04.473"></status>
</kw>
<status status="PASS" starttime="20190411 14:49:04.449" endtime="20190411 14:49:04.473"></status>
</kw>
<status status="PASS" starttime="20190411 14:49:03.805" endtime="20190411 14:49:04.473"></status>
</kw>
<msg timestamp="20190411 14:49:04.473" level="INFO">@{MyList} = [ £535,000 | £865,000 | £260,000 | £495,000 | £435,000 | £550,000 | £3,350,000 | £359,950 | £360,000 Offers over | £550,000 | £385,000 Offers over | £400,000 Guide price | £475,000 Guide price | £300,...</msg>
<status status="PASS" starttime="20190411 14:49:03.789" endtime="20190411 14:49:04.473"></status>
</kw>
<kw name="Create List" library="BuiltIn">
<doc>Returns a list containing given items.</doc>
<assign>
<var>@{MyList1}</var>
</assign>
<msg timestamp="20190411 14:49:04.473" level="INFO">@{MyList1} = [ ]</msg>
<status status="PASS" starttime="20190411 14:49:04.473" endtime="20190411 14:49:04.473"></status>
</kw>
<kw name="${i} IN [ @{MyList} ]" type="for">
<kw name="${i} = £535,000" type="foritem">
<kw name="Input Segartion" library="readdata">
<arguments>
<arg>${i}</arg>
</arguments>
<assign>
<var>${Res}</var>
</assign>
<msg timestamp="20190411 14:49:04.473" level="INFO">['£535000']
535000
Price Of the Property  in Descending Order:</msg>
<msg timestamp="20190411 14:49:04.477" level="INFO">${Res} = 535000</msg>
<status status="PASS" starttime="20190411 14:49:04.473" endtime="20190411 14:49:04.477"></status>
</kw>
<kw name="Append To List" library="Collections">
<doc>Adds ``values`` to the end of ``list``.</doc>
<arguments>
<arg>${Mylist1}</arg>
<arg>${Res}</arg>
</arguments>
<status status="PASS" starttime="20190411 14:49:04.477" endtime="20190411 14:49:04.477"></status>
</kw>
<status status="PASS" starttime="20190411 14:49:04.473" endtime="20190411 14:49:04.477"></status>
</kw>
<kw name="${i} = £865,000" type="foritem">
<kw name="Input Segartion" library="readdata">
<arguments>
<arg>${i}</arg>
</arguments>
<assign>
<var>${Res}</var>
</assign>
<msg timestamp="20190411 14:49:04.477" level="INFO">['£865000']
865000
Price Of the Property  in Descending Order:</msg>
<msg timestamp="20190411 14:49:04.477" level="INFO">${Res} = 865000</msg>
<status status="PASS" starttime="20190411 14:49:04.477" endtime="20190411 14:49:04.477"></status>
</kw>
<kw name="Append To List" library="Collections">
<doc>Adds ``values`` to the end of ``list``.</doc>
<arguments>
<arg>${Mylist1}</arg>
<arg>${Res}</arg>
</arguments>
<status status="PASS" starttime="20190411 14:49:04.477" endtime="20190411 14:49:04.477"></status>
</kw>
<status status="PASS" starttime="20190411 14:49:04.477" endtime="20190411 14:49:04.477"></status>
</kw>
<kw name="${i} = £260,000" type="foritem">
<kw name="Input Segartion" library="readdata">
<arguments>
<arg>${i}</arg>
</arguments>
<assign>
<var>${Res}</var>
</assign>
<msg timestamp="20190411 14:49:04.481" level="INFO">['£260000']
260000
Price Of the Property  in Descending Order:</msg>
<msg timestamp="20190411 14:49:04.481" level="INFO">${Res} = 260000</msg>
<status status="PASS" starttime="20190411 14:49:04.481" endtime="20190411 14:49:04.481"></status>
</kw>
<kw name="Append To List" library="Collections">
<doc>Adds ``values`` to the end of ``list``.</doc>
<arguments>
<arg>${Mylist1}</arg>
<arg>${Res}</arg>
</arguments>
<status status="PASS" starttime="20190411 14:49:04.481" endtime="20190411 14:49:04.481"></status>
</kw>
<status status="PASS" starttime="20190411 14:49:04.481" endtime="20190411 14:49:04.481"></status>
</kw>
<kw name="${i} = £495,000" type="foritem">
<kw name="Input Segartion" library="readdata">
<arguments>
<arg>${i}</arg>
</arguments>
<assign>
<var>${Res}</var>
</assign>
<msg timestamp="20190411 14:49:04.481" level="INFO">['£495000']
495000
Price Of the Property  in Descending Order:</msg>
<msg timestamp="20190411 14:49:04.481" level="INFO">${Res} = 495000</msg>
<status status="PASS" starttime="20190411 14:49:04.481" endtime="20190411 14:49:04.481"></status>
</kw>
<kw name="Append To List" library="Collections">
<doc>Adds ``values`` to the end of ``list``.</doc>
<arguments>
<arg>${Mylist1}</arg>
<arg>${Res}</arg>
</arguments>
<status status="PASS" starttime="20190411 14:49:04.481" endtime="20190411 14:49:04.485"></status>
</kw>
<status status="PASS" starttime="20190411 14:49:04.481" endtime="20190411 14:49:04.485"></status>
</kw>
<kw name="${i} = £435,000" type="foritem">
<kw name="Input Segartion" library="readdata">
<arguments>
<arg>${i}</arg>
</arguments>
<assign>
<var>${Res}</var>
</assign>
<msg timestamp="20190411 14:49:04.485" level="INFO">['£435000']
435000
Price Of the Property  in Descending Order:</msg>
<msg timestamp="20190411 14:49:04.485" level="INFO">${Res} = 435000</msg>
<status status="PASS" starttime="20190411 14:49:04.485" endtime="20190411 14:49:04.485"></status>
</kw>
<kw name="Append To List" library="Collections">
<doc>Adds ``values`` to the end of ``list``.</doc>
<arguments>
<arg>${Mylist1}</arg>
<arg>${Res}</arg>
</arguments>
<status status="PASS" starttime="20190411 14:49:04.485" endtime="20190411 14:49:04.485"></status>
</kw>
<status status="PASS" starttime="20190411 14:49:04.485" endtime="20190411 14:49:04.485"></status>
</kw>
<kw name="${i} = £550,000" type="foritem">
<kw name="Input Segartion" library="readdata">
<arguments>
<arg>${i}</arg>
</arguments>
<assign>
<var>${Res}</var>
</assign>
<msg timestamp="20190411 14:49:04.485" level="INFO">['£550000']
550000
Price Of the Property  in Descending Order:</msg>
<msg timestamp="20190411 14:49:04.489" level="INFO">${Res} = 550000</msg>
<status status="PASS" starttime="20190411 14:49:04.485" endtime="20190411 14:49:04.489"></status>
</kw>
<kw name="Append To List" library="Collections">
<doc>Adds ``values`` to the end of ``list``.</doc>
<arguments>
<arg>${Mylist1}</arg>
<arg>${Res}</arg>
</arguments>
<status status="PASS" starttime="20190411 14:49:04.489" endtime="20190411 14:49:04.489"></status>
</kw>
<status status="PASS" starttime="20190411 14:49:04.485" endtime="20190411 14:49:04.489"></status>
</kw>
<kw name="${i} = £3,350,000" type="foritem">
<kw name="Input Segartion" library="readdata">
<arguments>
<arg>${i}</arg>
</arguments>
<assign>
<var>${Res}</var>
</assign>
<msg timestamp="20190411 14:49:04.489" level="INFO">['£3350000']
3350000
Price Of the Property  in Descending Order:</msg>
<msg timestamp="20190411 14:49:04.489" level="INFO">${Res} = 3350000</msg>
<status status="PASS" starttime="20190411 14:49:04.489" endtime="20190411 14:49:04.489"></status>
</kw>
<kw name="Append To List" library="Collections">
<doc>Adds ``values`` to the end of ``list``.</doc>
<arguments>
<arg>${Mylist1}</arg>
<arg>${Res}</arg>
</arguments>
<status status="PASS" starttime="20190411 14:49:04.489" endtime="20190411 14:49:04.489"></status>
</kw>
<status status="PASS" starttime="20190411 14:49:04.489" endtime="20190411 14:49:04.489"></status>
</kw>
<kw name="${i} = £359,950" type="foritem">
<kw name="Input Segartion" library="readdata">
<arguments>
<arg>${i}</arg>
</arguments>
<assign>
<var>${Res}</var>
</assign>
<msg timestamp="20190411 14:49:04.493" level="INFO">['£359950']
359950
Price Of the Property  in Descending Order:</msg>
<msg timestamp="20190411 14:49:04.493" level="INFO">${Res} = 359950</msg>
<status status="PASS" starttime="20190411 14:49:04.493" endtime="20190411 14:49:04.493"></status>
</kw>
<kw name="Append To List" library="Collections">
<doc>Adds ``values`` to the end of ``list``.</doc>
<arguments>
<arg>${Mylist1}</arg>
<arg>${Res}</arg>
</arguments>
[...]
</kw>
<kw name="${i} = £550,000" type="foritem">
<kw name="Input Segartion" library="readdata">
<arguments>
<arg>${i}</arg>
</arguments>
<assign>
<var>${Res}</var>
</assign>
<msg timestamp="20190411 14:49:04.497" level="INFO">['£550000']
550000
Price Of the Property  in Descending Order:</msg>
<msg timestamp="20190411 14:49:04.497" level="INFO">${Res} = 550000</msg>
<status status="PASS" starttime="20190411 14:49:04.497" endtime="20190411 14:49:04.497"></status>
</kw>
<kw name="Append To List" library="Collections">
<doc>Adds ``values`` to the end of ``list``.</doc>
<arguments>
<arg>${Mylist1}</arg>
<arg>${Res}</arg>
</arguments>
<status status="PASS" starttime="20190411 14:49:04.497" endtime="20190411 14:49:04.497"></status>
</kw>
<status status="PASS" starttime="20190411 14:49:04.497" endtime="20190411 14:49:04.497"></status>
</kw>
<kw name="${i} = £385,000 Offers over" type="foritem">
<kw name="Input Segartion" library="readdata">
<arguments>
<arg>${i}</arg>
</arguments>
<assign>
<var>${Res}</var>
</assign>
<msg timestamp="20190411 14:49:04.497" level="INFO">['£385000', 'Offers', 'over']
385000
Price Of the Property  in Descending Order:</msg>
<msg timestamp="20190411 14:49:04.497" level="INFO">${Res} = 385000</msg>
<status status="PASS" starttime="20190411 14:49:04.497" endtime="20190411 14:49:04.497"></status>
</kw>
<kw name="Append To List" library="Collections">
<doc>Adds ``values`` to the end of ``list``.</doc>
<arguments>
<arg>${Mylist1}</arg>
<arg>${Res}</arg>
</arguments>
<status status="PASS" starttime="20190411 14:49:04.497" endtime="20190411 14:49:04.501"></status>
</kw>
<status status="PASS" starttime="20190411 14:49:04.497" endtime="20190411 14:49:04.501"></status>
</kw>
<kw name="${i} = £400,000 Guide price" type="foritem">
<kw name="Input Segartion" library="readdata">
<arguments>
<arg>${i}</arg>
</arguments>
<assign>
<var>${Res}</var>
</assign>
<msg timestamp="20190411 14:49:04.501" level="INFO">['£400000', 'Guide', 'price']
400000
Price Of the Property  in Descending Order:</msg>
<msg timestamp="20190411 14:49:04.501" level="INFO">${Res} = 400000</msg>
<status status="PASS" starttime="20190411 14:49:04.501" endtime="20190411 14:49:04.501"></status>
</kw>
<kw name="Append To List" library="Collections">
<doc>Adds ``values`` to the end of ``list``.</doc>
<arguments>
<arg>${Mylist1}</arg>
<arg>${Res}</arg>
</arguments>
<status status="PASS" starttime="20190411 14:49:04.501" endtime="20190411 14:49:04.501"></status>
</kw>
<status status="PASS" starttime="20190411 14:49:04.501" endtime="20190411 14:49:04.501"></status>
</kw>
<kw name="${i} = £475,000 Guide price" type="foritem">
<kw name="Input Segartion" library="readdata">
<arguments>
<arg>${i}</arg>
</arguments>
<assign>
<var>${Res}</var>
</assign>
<msg timestamp="20190411 14:49:04.505" level="INFO">['£475000', 'Guide', 'price']
475000
Price Of the Property  in Descending Order:</msg>
<msg timestamp="20190411 14:49:04.505" level="INFO">${Res} = 475000</msg>
<status status="PASS" starttime="20190411 14:49:04.501" endtime="20190411 14:49:04.505"></status>
</kw>
<kw name="Append To List" library="Collections">
<doc>Adds ``values`` to the end of ``list``.</doc>
<arguments>
<arg>${Mylist1}</arg>
<arg>${Res}</arg>
</arguments>
<status status="PASS" starttime="20190411 14:49:04.505" endtime="20190411 14:49:04.505"></status>
</kw>
<status status="PASS" starttime="20190411 14:49:04.501" endtime="20190411 14:49:04.505"></status>
</kw>
<kw name="${i} = £300,000 Guide price" type="foritem">
<kw name="Input Segartion" library="readdata">
<arguments>
<arg>${i}</arg>
</arguments>
<assign>
<var>${Res}</var>
</assign>
<msg timestamp="20190411 14:49:04.505" level="INFO">['£300000', 'Guide', 'price']
300000
Price Of the Property  in Descending Order:</msg>
<msg timestamp="20190411 14:49:04.505" level="INFO">${Res} = 300000</msg>
<status status="PASS" starttime="20190411 14:49:04.505" endtime="20190411 14:49:04.505"></status>
</kw>
<kw name="Append To List" library="Collections">
<doc>Adds ``values`` to the end of ``list``.</doc>
<arguments>
<arg>${Mylist1}</arg>
<arg>${Res}</arg>
</arguments>
<status status="PASS" starttime="20190411 14:49:04.505" endtime="20190411 14:49:04.509"></status>
</kw>
<status status="PASS" starttime="20190411 14:49:04.505" endtime="20190411 14:49:04.509"></status>
</kw>
<kw name="${i} = £325,000 Offers over" type="foritem">
<kw name="Input Segartion" library="readdata">
<arguments>
<arg>${i}</arg>
</arguments>
<assign>
<var>${Res}</var>
</assign>
<msg timestamp="20190411 14:49:04.509" level="INFO">['£325000', 'Offers', 'over']
325000
Price Of the Property  in Descending Order:</msg>
<msg timestamp="20190411 14:49:04.509" level="INFO">${Res} = 325000</msg>
<status status="PASS" starttime="20190411 14:49:04.509" endtime="20190411 14:49:04.509"></status>
</kw>
<kw name="Append To List" library="Collections">
<doc>Adds ``values`` to the end of ``list``.</doc>
<arguments>
<arg>${Mylist1}</arg>
<arg>${Res}</arg>
</arguments>
<status status="PASS" starttime="20190411 14:49:04.509" endtime="20190411 14:49:04.509"></status>
</kw>
<status status="PASS" starttime="20190411 14:49:04.509" endtime="20190411 14:49:04.509"></status>
</kw>
<kw name="${i} = £340,000 Guide price" type="foritem">
<kw name="Input Segartion" library="readdata">
<arguments>
<arg>${i}</arg>
</arguments>
<assign>
<var>${Res}</var>
</assign>
<msg timestamp="20190411 14:49:04.513" level="INFO">['£340000', 'Guide', 'price']
340000
Price Of the Property  in Descending Order:</msg>
<msg timestamp="20190411 14:49:04.513" level="INFO">${Res} = 340000</msg>
<status status="PASS" starttime="20190411 14:49:04.513" endtime="20190411 14:49:04.513"></status>
</kw>
<kw name="Append To List" library="Collections">
<doc>Adds ``values`` to the end of ``list``.</doc>
<arguments>
<arg>${Mylist1}</arg>
<arg>${Res}</arg>
</arguments>
<status status="PASS" starttime="20190411 14:49:04.513" endtime="20190411 14:49:04.513"></status>
</kw>
<status status="PASS" starttime="20190411 14:49:04.509" endtime="20190411 14:49:04.513"></status>
</kw>
<kw name="${i} = £455,000 Guide price" type="foritem">
<kw name="Input Segartion" library="readdata">
<arguments>
<arg>${i}</arg>
</arguments>
<assign>
<var>${Res}</var>
</assign>
<msg timestamp="20190411 14:49:04.513" level="INFO">['£455000', 'Guide', 'price']
455000
Price Of the Property  in Descending Order:</msg>
<msg timestamp="20190411 14:49:04.513" level="INFO">${Res} = 455000</msg>
<status status="PASS" starttime="20190411 14:49:04.513" endtime="20190411 14:49:04.513"></status>
</kw>
<kw name="Append To List" library="Collections">
<doc>Adds ``values`` to the end of ``list``.</doc>
<arguments>
<arg>${Mylist1}</arg>
<arg>${Res}</arg>
</arguments>
<status status="PASS" starttime="20190411 14:49:04.513" endtime="20190411 14:49:04.513"></status>
</kw>
<status status="PASS" starttime="20190411 14:49:04.513" endtime="20190411 14:49:04.517"></status>
</kw>
<kw name="${i} = £385,000 Guide price" type="foritem">
<kw name="Input Segartion" library="readdata">
<arguments>
<arg>${i}</arg>
</arguments>
<assign>
<var>${Res}</var>
</assign>
<msg timestamp="20190411 14:49:04.517" level="INFO">['£385000', 'Guide', 'price']
385000
Price Of the Property  in Descending Order:</msg>
<msg timestamp="20190411 14:49:04.517" level="INFO">${Res} = 385000</msg>
<status status="PASS" starttime="20190411 14:49:04.517" endtime="20190411 14:49:04.517"></status>
</kw>
<kw name="Append To List" library="Collections">
<doc>Adds ``values`` to the end of ``list``.</doc>
<arguments>
<arg>${Mylist1}</arg>
<arg>${Res}</arg>
</arguments>
<status status="PASS" starttime="20190411 14:49:04.517" endtime="20190411 14:49:04.517"></status>
</kw>
<status status="PASS" starttime="20190411 14:49:04.517" endtime="20190411 14:49:04.517"></status>
</kw>
<kw name="${i} = £650,000" type="foritem">
<kw name="Input Segartion" library="readdata">
<arguments>
<arg>${i}</arg>
</arguments>
<assign>
<var>${Res}</var>
</assign>
<msg timestamp="20190411 14:49:04.521" level="INFO">['£650000']
650000
Price Of the Property  in Descending Order:</msg>
<msg timestamp="20190411 14:49:04.521" level="INFO">${Res} = 650000</msg>
<status status="PASS" starttime="20190411 14:49:04.521" endtime="20190411 14:49:04.521"></status>
</kw>
<kw name="Append To List" library="Collections">
<doc>Adds ``values`` to the end of ``list``.</doc>
<arguments>
<arg>${Mylist1}</arg>
<arg>${Res}</arg>
</arguments>
<status status="PASS" starttime="20190411 14:49:04.521" endtime="20190411 14:49:04.521"></status>
</kw>
<status status="PASS" starttime="20190411 14:49:04.517" endtime="20190411 14:49:04.521"></status>
</kw>
<kw name="${i} = £325,000" type="foritem">
<kw name="Input Segartion" library="readdata">
<arguments>
<arg>${i}</arg>
</arguments>
<assign>
<var>${Res}</var>
</assign>
<msg timestamp="20190411 14:49:04.521" level="INFO">['£325000']
325000
Price Of the Property  in Descending Order:</msg>
<msg timestamp="20190411 14:49:04.521" level="INFO">${Res} = 325000</msg>
<status status="PASS" starttime="20190411 14:49:04.521" endtime="20190411 14:49:04.521"></status>
</kw>
<kw name="Append To List" library="Collections">
<doc>Adds ``values`` to the end of ``list``.</doc>
<arguments>
<arg>${Mylist1}</arg>
<arg>${Res}</arg>
</arguments>
<status status="PASS" starttime="20190411 14:49:04.525" endtime="20190411 14:49:04.525"></status>
</kw>
<status status="PASS" starttime="20190411 14:49:04.521" endtime="20190411 14:49:04.525"></status>
</kw>
<kw name="${i} = £385,000" type="foritem">
<kw name="Input Segartion" library="readdata">
<arguments>
<arg>${i}</arg>
</arguments>
<assign>
<var>${Res}</var>
</assign>
<msg timestamp="20190411 14:49:04.525" level="INFO">['£385000']
385000
Price Of the Property  in Descending Order:</msg>
<msg timestamp="20190411 14:49:04.525" level="INFO">${Res} = 385000</msg>
<status status="PASS" starttime="20190411 14:49:04.525" endtime="20190411 14:49:04.525"></status>
</kw>
<kw name="Append To List" library="Collections">
<doc>Adds ``values`` to the end of ``list``.</doc>
<arguments>
<arg>${Mylist1}</arg>
<arg>${Res}</arg>
</arguments>
<status status="PASS" starttime="20190411 14:49:04.525" endtime="20190411 14:49:04.525"></status>
</kw>
<status status="PASS" starttime="20190411 14:49:04.525" endtime="20190411 14:49:04.525"></status>
</kw>
<kw name="${i} = £375,000" type="foritem">
<kw name="Input Segartion" library="readdata">
<arguments>
<arg>${i}</arg>
</arguments>
<assign>
<var>${Res}</var>
</assign>
<msg timestamp="20190411 14:49:04.529" level="INFO">['£375000']
375000
Price Of the Property  in Descending Order:</msg>
<msg timestamp="20190411 14:49:04.529" level="INFO">${Res} = 375000</msg>
<status status="PASS" starttime="20190411 14:49:04.529" endtime="20190411 14:49:04.529"></status>
</kw>
<kw name="Append To List" library="Collections">
<doc>Adds ``values`` to the end of ``list``.</doc>
<arguments>
<arg>${Mylist1}</arg>
<arg>${Res}</arg>
</arguments>
<status status="PASS" starttime="20190411 14:49:04.529" endtime="20190411 14:49:04.529"></status>
</kw>
<status status="PASS" starttime="20190411 14:49:04.525" endtime="20190411 14:49:04.529"></status>
</kw>
<kw name="${i} = £680,000 From" type="foritem">
<kw name="Input Segartion" library="readdata">
<arguments>
<arg>${i}</arg>
</arguments>
<assign>
<var>${Res}</var>
</assign>
<msg timestamp="20190411 14:49:04.529" level="INFO">['£680000', 'From']
680000
Price Of the Property  in Descending Order:</msg>
<msg timestamp="20190411 14:49:04.529" level="INFO">${Res} = 680000</msg>
<status status="PASS" starttime="20190411 14:49:04.529" endtime="20190411 14:49:04.529"></status>
</kw>
<kw name="Append To List" library="Collections">
<doc>Adds ``values`` to the end of ``list``.</doc>
<arguments>
<arg>${Mylist1}</arg>
<arg>${Res}</arg>
</arguments>
<status status="PASS" starttime="20190411 14:49:04.529" endtime="20190411 14:49:04.529"></status>
</kw>
<status status="PASS" starttime="20190411 14:49:04.529" endtime="20190411 14:49:04.533"></status>
</kw>
<kw name="${i} = £675,000 Offers over" type="foritem">
<kw name="Input Segartion" library="readdata">
<arguments>
<arg>${i}</arg>
</arguments>
<assign>
<var>${Res}</var>
</assign>
<msg timestamp="20190411 14:49:04.533" level="INFO">['£675000', 'Offers', 'over']
675000
Price Of the Property  in Descending Order:</msg>
<msg timestamp="20190411 14:49:04.533" level="INFO">${Res} = 675000</msg>
<status status="PASS" starttime="20190411 14:49:04.533" endtime="20190411 14:49:04.533"></status>
</kw>
<kw name="Append To List" library="Collections">
<doc>Adds ``values`` to the end of ``list``.</doc>
<arguments>
<arg>${Mylist1}</arg>
<arg>${Res}</arg>
</arguments>
<status status="PASS" starttime="20190411 14:49:04.533" endtime="20190411 14:49:04.533"></status>
</kw>
<status status="PASS" starttime="20190411 14:49:04.533" endtime="20190411 14:49:04.533"></status>
</kw>
<kw name="${i} = £555,000" type="foritem">
<kw name="Input Segartion" library="readdata">
<arguments>
<arg>${i}</arg>
</arguments>
<assign>
<var>${Res}</var>
</assign>
<msg timestamp="20190411 14:49:04.533" level="INFO">['£555000']
555000
Price Of the Property  in Descending Order:</msg>
<msg timestamp="20190411 14:49:04.533" level="INFO">${Res} = 555000</msg>
<status status="PASS" starttime="20190411 14:49:04.533" endtime="20190411 14:49:04.533"></status>
</kw>
<kw name="Append To List" library="Collections">
<doc>Adds ``values`` to the end of ``list``.</doc>
<arguments>
<arg>${Mylist1}</arg>
<arg>${Res}</arg>
</arguments>
<status status="PASS" starttime="20190411 14:49:04.533" endtime="20190411 14:49:04.537"></status>
</kw>
<status status="PASS" starttime="20190411 14:49:04.533" endtime="20190411 14:49:04.537"></status>
</kw>
<status status="PASS" starttime="20190411 14:49:04.473" endtime="20190411 14:49:04.537"></status>
</kw>
<kw name="Sort List" library="Collections">
<doc>Sorts the given list in place.</doc>
<arguments>
<arg>${MyList1}</arg>
</arguments>
<status status="PASS" starttime="20190411 14:49:04.537" endtime="20190411 14:49:04.537"></status>
</kw>
<kw name="Reverse List" library="Collections">
<doc>Reverses the given list in place.</doc>
<arguments>
<arg>${MyList1}</arg>
</arguments>
<status status="PASS" starttime="20190411 14:49:04.537" endtime="20190411 14:49:04.537"></status>
</kw>
<kw name="Log To Console" library="BuiltIn">
<doc>Logs the given message to the console.</doc>
<arguments>
<arg>Properties Price List in Descending Order :</arg>
</arguments>
<status status="PASS" starttime="20190411 14:49:04.537" endtime="20190411 14:49:04.537"></status>
</kw>
<kw name="Log To Console" library="BuiltIn">
<doc>Logs the given message to the console.</doc>
<arguments>
<arg>${MyList1}</arg>
</arguments>
<status status="PASS" starttime="20190411 14:49:04.537" endtime="20190411 14:49:04.541"></status>
</kw>
<status status="PASS" starttime="20190411 14:49:03.789" endtime="20190411 14:49:04.541"></status>
</kw>
<kw name="Selecting The Property From List Of Properties" library="HomePage">
<doc>Selecting the Property from the list</doc>
<kw name="Click Element" library="SeleniumLibrary">
<doc>Click element identified by ``locator``.</doc>
<arguments>
<arg>${Selece_Property_Xpath}</arg>
</arguments>
<msg timestamp="20190411 14:49:04.541" level="INFO">Clicking element 'xpath:(//li[@id]/div/div[2]/h2/a)[6]'.</msg>
<status status="PASS" starttime="20190411 14:49:04.541" endtime="20190411 14:49:11.847"></status>
</kw>
<status status="PASS" starttime="20190411 14:49:04.541" endtime="20190411 14:49:11.851"></status>
</kw>
<kw name="Retriving The Property Name" library="HomePage">
<doc>Getting the Property Name</doc>
<kw name="Get Text" library="SeleniumLibrary">
<doc>Returns the text value of element identified by ``locator``.</doc>
<arguments>
<arg>${Prop_Name_Xpath}</arg>
</arguments>
<assign>
<var>${Property}</var>
</assign>
<msg timestamp="20190411 14:49:11.887" level="INFO">${Property} = 2 bed flat for sale</msg>
<status status="PASS" starttime="20190411 14:49:11.851" endtime="20190411 14:49:11.887"></status>
</kw>
<kw name="Log To Console" library="BuiltIn">
<doc>Logs the given message to the console.</doc>
<arguments>
<arg>Selected Property Name is :${Property}</arg>
</arguments>
<status status="PASS" starttime="20190411 14:49:11.887" endtime="20190411 14:49:11.887"></status>
</kw>
<status status="PASS" starttime="20190411 14:49:11.851" endtime="20190411 14:49:11.890"></status>
</kw>
<kw name="Retriving The Seller Name And Select On Seller" library="HomePage">
<doc>Getting the Seller Name and Selecting the Seller</doc>
<kw name="Get Text" library="SeleniumLibrary">
<doc>Returns the text value of element identified by ``locator``.</doc>
<arguments>
<arg>${Owner_Name_Xpath}</arg>
</arguments>
<assign>
<var>${Seller_Name}</var>
</assign>
<msg timestamp="20190411 14:49:11.916" level="INFO">${Seller_Name} = Anthony Pepe Crouch End</msg>
<status status="PASS" starttime="20190411 14:49:11.891" endtime="20190411 14:49:11.916"></status>
</kw>
<kw name="Log To Console" library="BuiltIn">
<doc>Logs the given message to the console.</doc>
<arguments>
<arg>Property Seller Name is :${Seller_Name}</arg>
</arguments>
<status status="PASS" starttime="20190411 14:49:11.916" endtime="20190411 14:49:11.916"></status>
</kw>
<kw name="Click Element" library="SeleniumLibrary">
<doc>Click element identified by ``locator``.</doc>
<arguments>
<arg>${Owner_Name_Xpath}</arg>
</arguments>
<msg timestamp="20190411 14:49:11.916" level="INFO">Clicking element 'xpath://h4[@class="ui-agent__name"]'.</msg>
<status status="PASS" starttime="20190411 14:49:11.916" endtime="20190411 14:49:18.659"></status>
</kw>
<status status="PASS" starttime="20190411 14:49:11.890" endtime="20190411 14:49:18.659"></status>
</kw>
<kw name="Comparing The Seller with Property" library="HomePage">
<doc>Comparing the Property Listed in the Seller Proprety</doc>
<kw name="Get Text" library="SeleniumLibrary">
<doc>Returns the text value of element identified by ``locator``.</doc>
<arguments>
<arg>xpath:(//*[@id]/div/div[2]/h2/a)[1]</arg>
</arguments>
<assign>
<var>${Seller_Real_Name}</var>
</assign>
<msg timestamp="20190411 14:49:18.688" level="INFO">${Seller_Real_Name} = 2 bed flat for sale</msg>
<status status="PASS" starttime="20190411 14:49:18.663" endtime="20190411 14:49:18.688"></status>
</kw>
<kw name="Log To Console" library="BuiltIn">
<doc>Logs the given message to the console.</doc>
<arguments>
<arg>Property Name in Seller Page is :${Seller_Real_Name}</arg>
</arguments>
<status status="PASS" starttime="20190411 14:49:18.688" endtime="20190411 14:49:18.688"></status>
</kw>
<status status="PASS" starttime="20190411 14:49:18.663" endtime="20190411 14:49:18.702"></status>
</kw>
<status status="PASS" starttime="20190411 14:48:54.865" endtime="20190411 14:49:18.703" critical="yes"></status>
</test>
<kw name="Browser Close" library="HomePage" type="teardown">
<doc>Closing the Browser</doc>
<kw name="Close Browser" library="SeleniumLibrary">
<doc>Closes the current browser.</doc>
<status status="PASS" starttime="20190411 14:49:18.703" endtime="20190411 14:49:20.962"></status>
</kw>
<status status="PASS" starttime="20190411 14:49:18.703" endtime="20190411 14:49:20.962"></status>
</kw>
<status status="PASS" starttime="20190411 14:48:46.192" endtime="20190411 14:49:20.962"></status>
</suite>
<status status="PASS" starttime="20190411 14:48:46.176" endtime="20190411 14:49:20.965"></status>
</suite>
<status status="PASS" starttime="20190411 14:48:46.145" endtime="20190411 14:49:20.966"></status>
</suite>
<statistics>
<total>
<stat pass="1" fail="0">Critical Tests</stat>
<stat pass="1" fail="0">All Tests</stat>
</total>
<tag>
</tag>
<suite>
<stat pass="1" fail="0" id="s1" name="ZOOPLA.CO.UK1">ZOOPLA.CO.UK1</stat>
<stat pass="1" fail="0" id="s1-s1" name="Tests">ZOOPLA.CO.UK1.Tests</stat>
<stat pass="1" fail="0" id="s1-s1-s1" name="LoginPage">ZOOPLA.CO.UK1.Tests.LoginPage</stat>
</suite>
</statistics>
<errors>
</errors>
</robot>
